

================================================================
== Vivado HLS Report for 'getBias'
================================================================
* Date:           Sun Sep 13 15:46:33 2020

* Version:        2019.2 (Build 2704478 on Wed Nov 06 22:10:23 MST 2019)
* Project:        network
* Solution:       solution1
* Product family: virtex7
* Target device:  xc7vx485t-ffg1157-1


================================================================
== Performance Estimates
================================================================
+ Timing: 
    * Summary: 
    +--------+---------+----------+------------+
    |  Clock |  Target | Estimated| Uncertainty|
    +--------+---------+----------+------------+
    |ap_clk  | 0.10 us | 2.066 ns |  12.50 ns  |
    +--------+---------+----------+------------+

+ Latency: 
    * Summary: 
    +---------+---------+----------+----------+-----+-----+----------+
    |  Latency (cycles) |  Latency (absolute) |  Interval | Pipeline |
    |   min   |   max   |    min   |    max   | min | max |   Type   |
    +---------+---------+----------+----------+-----+-----+----------+
    |        0|        0|   0 ns   |   0 ns   |    1|    1| function |
    +---------+---------+----------+----------+-----+-----+----------+

    + Detail: 
        * Instance: 
        N/A

        * Loop: 
        N/A



================================================================
== Utilization Estimates
================================================================
* Summary: 
+-----------------+---------+-------+--------+--------+-----+
|       Name      | BRAM_18K| DSP48E|   FF   |   LUT  | URAM|
+-----------------+---------+-------+--------+--------+-----+
|DSP              |        -|      -|       -|       -|    -|
|Expression       |        -|      -|       0|     123|    -|
|FIFO             |        -|      -|       -|       -|    -|
|Instance         |        -|      -|       0|      82|    -|
|Memory           |        -|      -|       -|       -|    -|
|Multiplexer      |        -|      -|       -|       -|    -|
|Register         |        -|      -|       -|       -|    -|
+-----------------+---------+-------+--------+--------+-----+
|Total            |        0|      0|       0|     205|    0|
+-----------------+---------+-------+--------+--------+-----+
|Available        |     2060|   2800|  607200|  303600|    0|
+-----------------+---------+-------+--------+--------+-----+
|Utilization (%)  |        0|      0|       0|   ~0   |    0|
+-----------------+---------+-------+--------+--------+-----+

+ Detail: 
    * Instance: 
    +-------------------------+----------------------+---------+-------+---+----+-----+
    |         Instance        |        Module        | BRAM_18K| DSP48E| FF| LUT| URAM|
    +-------------------------+----------------------+---------+-------+---+----+-----+
    |network_top_mux_8bkb_U1  |network_top_mux_8bkb  |        0|      0|  0|  41|    0|
    |network_top_mux_8bkb_U2  |network_top_mux_8bkb  |        0|      0|  0|  41|    0|
    +-------------------------+----------------------+---------+-------+---+----+-----+
    |Total                    |                      |        0|      0|  0|  82|    0|
    +-------------------------+----------------------+---------+-------+---+----+-----+

    * DSP48E: 
    N/A

    * Memory: 
    N/A

    * FIFO: 
    N/A

    * Expression: 
    +-------------------------+----------+-------+---+----+------------+------------+
    |      Variable Name      | Operation| DSP48E| FF| LUT| Bitwidth P0| Bitwidth P1|
    +-------------------------+----------+-------+---+----+------------+------------+
    |icmp_ln26_1_fu_224_p2    |   icmp   |      0|  0|   8|           2|           1|
    |icmp_ln26_2_fu_230_p2    |   icmp   |      0|  0|   8|           2|           1|
    |icmp_ln26_fu_218_p2      |   icmp   |      0|  0|   9|           2|           3|
    |or_ln26_fu_244_p2        |    or    |      0|  0|   2|           1|           1|
    |ap_return                |  select  |      0|  0|  32|           1|          32|
    |select_ln26_1_fu_250_p3  |  select  |      0|  0|  32|           1|          32|
    |select_ln26_fu_236_p3    |  select  |      0|  0|  32|           1|          32|
    +-------------------------+----------+-------+---+----+------------+------------+
    |Total                    |          |      0|  0| 123|          10|         102|
    +-------------------------+----------+-------+---+----+------------+------------+

    * Multiplexer: 
    N/A

    * Register: 
    N/A



================================================================
== Interface
================================================================
* Summary: 
+-------------------------+-----+-----+------------+-------------------------+--------------+
|        RTL Ports        | Dir | Bits|  Protocol  |      Source Object      |    C Type    |
+-------------------------+-----+-----+------------+-------------------------+--------------+
|ap_ready                 | out |    1| ap_ctrl_hs |         getBias         | return value |
|ap_return                | out |   32| ap_ctrl_hs |         getBias         | return value |
|network_weights_bias     |  in |   32|   ap_none  |   network_weights_bias  |    scalar    |
|network_weights_bias_33  |  in |   32|   ap_none  | network_weights_bias_33 |    scalar    |
|network_weights_bias_34  |  in |   32|   ap_none  | network_weights_bias_34 |    scalar    |
|network_weights_bias_35  |  in |   32|   ap_none  | network_weights_bias_35 |    scalar    |
|network_weights_bias_36  |  in |   32|   ap_none  | network_weights_bias_36 |    scalar    |
|network_weights_bias_37  |  in |   32|   ap_none  | network_weights_bias_37 |    scalar    |
|network_weights_bias_38  |  in |   32|   ap_none  | network_weights_bias_38 |    scalar    |
|network_weights_bias_39  |  in |   32|   ap_none  | network_weights_bias_39 |    scalar    |
|network_weights_bias_40  |  in |   32|   ap_none  | network_weights_bias_40 |    scalar    |
|network_weights_bias_41  |  in |   32|   ap_none  | network_weights_bias_41 |    scalar    |
|network_weights_bias_42  |  in |   32|   ap_none  | network_weights_bias_42 |    scalar    |
|network_weights_bias_43  |  in |   32|   ap_none  | network_weights_bias_43 |    scalar    |
|network_weights_bias_44  |  in |   32|   ap_none  | network_weights_bias_44 |    scalar    |
|network_weights_bias_45  |  in |   32|   ap_none  | network_weights_bias_45 |    scalar    |
|network_weights_bias_46  |  in |   32|   ap_none  | network_weights_bias_46 |    scalar    |
|network_weights_bias_47  |  in |   32|   ap_none  | network_weights_bias_47 |    scalar    |
|network_weights_bias_48  |  in |   32|   ap_none  | network_weights_bias_48 |    scalar    |
|layer                    |  in |    4|   ap_none  |          layer          |    scalar    |
|index                    |  in |    4|   ap_none  |          index          |    scalar    |
+-------------------------+-----+-----+------------+-------------------------+--------------+

