

================================================================
== Vivado HLS Report for 'getBias'
================================================================
* Date:           Fri Aug 28 10:09:54 2020

* Version:        2019.2 (Build 2704478 on Wed Nov 06 22:10:23 MST 2019)
* Project:        network
* Solution:       solution1
* Product family: virtex7
* Target device:  xc7vx485t-ffg1157-1


================================================================
== Performance Estimates
================================================================
+ Timing: 
    * Summary: 
    +--------+---------+----------+------------+
    |  Clock |  Target | Estimated| Uncertainty|
    +--------+---------+----------+------------+
    |ap_clk  | 0.10 us | 3.107 ns |  12.50 ns  |
    +--------+---------+----------+------------+

+ Latency: 
    * Summary: 
    +---------+---------+----------+----------+-----+-----+----------+
    |  Latency (cycles) |  Latency (absolute) |  Interval | Pipeline |
    |   min   |   max   |    min   |    max   | min | max |   Type   |
    +---------+---------+----------+----------+-----+-----+----------+
    |        0|        0|   0 ns   |   0 ns   |    1|    1| function |
    +---------+---------+----------+----------+-----+-----+----------+

    + Detail: 
        * Instance: 
        N/A

        * Loop: 
        N/A



================================================================
== Utilization Estimates
================================================================
* Summary: 
+-----------------+---------+-------+--------+--------+-----+
|       Name      | BRAM_18K| DSP48E|   FF   |   LUT  | URAM|
+-----------------+---------+-------+--------+--------+-----+
|DSP              |        -|      -|       -|       -|    -|
|Expression       |        -|      -|       0|     167|    -|
|FIFO             |        -|      -|       -|       -|    -|
|Instance         |        -|      -|       0|      63|    -|
|Memory           |        -|      -|       -|       -|    -|
|Multiplexer      |        -|      -|       -|       -|    -|
|Register         |        -|      -|       -|       -|    -|
+-----------------+---------+-------+--------+--------+-----+
|Total            |        0|      0|       0|     230|    0|
+-----------------+---------+-------+--------+--------+-----+
|Available        |     2060|   2800|  607200|  303600|    0|
+-----------------+---------+-------+--------+--------+-----+
|Utilization (%)  |        0|      0|       0|   ~0   |    0|
+-----------------+---------+-------+--------+--------+-----+

+ Detail: 
    * Instance: 
    +-------------------------+----------------------+---------+-------+---+----+-----+
    |         Instance        |        Module        | BRAM_18K| DSP48E| FF| LUT| URAM|
    +-------------------------+----------------------+---------+-------+---+----+-----+
    |network_top_mux_1bkb_U1  |network_top_mux_1bkb  |        0|      0|  0|  21|    0|
    |network_top_mux_4dEe_U3  |network_top_mux_4dEe  |        0|      0|  0|  21|    0|
    |network_top_mux_8cud_U2  |network_top_mux_8cud  |        0|      0|  0|  21|    0|
    +-------------------------+----------------------+---------+-------+---+----+-----+
    |Total                    |                      |        0|      0|  0|  63|    0|
    +-------------------------+----------------------+---------+-------+---+----+-----+

    * DSP48E: 
    N/A

    * Memory: 
    N/A

    * FIFO: 
    N/A

    * Expression: 
    +-------------------------+----------+-------+---+----+------------+------------+
    |      Variable Name      | Operation| DSP48E| FF| LUT| Bitwidth P0| Bitwidth P1|
    +-------------------------+----------+-------+---+----+------------+------------+
    |icmp_ln30_1_fu_366_p2    |   icmp   |      0|  0|   9|           2|           3|
    |icmp_ln30_2_fu_372_p2    |   icmp   |      0|  0|   8|           2|           1|
    |icmp_ln30_3_fu_378_p2    |   icmp   |      0|  0|   8|           2|           1|
    |icmp_ln30_fu_360_p2      |   icmp   |      0|  0|   8|           2|           2|
    |or_ln30_1_fu_406_p2      |    or    |      0|  0|   2|           1|           1|
    |or_ln30_2_fu_420_p2      |    or    |      0|  0|   2|           1|           1|
    |or_ln30_fu_392_p2        |    or    |      0|  0|   2|           1|           1|
    |ap_return                |  select  |      0|  0|  32|           1|          32|
    |select_ln30_1_fu_398_p3  |  select  |      0|  0|  32|           1|          32|
    |select_ln30_2_fu_412_p3  |  select  |      0|  0|  32|           1|          32|
    |select_ln30_fu_384_p3    |  select  |      0|  0|  32|           1|          32|
    +-------------------------+----------+-------+---+----+------------+------------+
    |Total                    |          |      0|  0| 167|          15|         138|
    +-------------------------+----------+-------+---+----+------------+------------+

    * Multiplexer: 
    N/A

    * Register: 
    N/A



================================================================
== Interface
================================================================
* Summary: 
+--------------------------+-----+-----+------------+--------------------------+--------------+
|         RTL Ports        | Dir | Bits|  Protocol  |       Source Object      |    C Type    |
+--------------------------+-----+-----+------------+--------------------------+--------------+
|ap_ready                  | out |    1| ap_ctrl_hs |          getBias         | return value |
|ap_return                 | out |   32| ap_ctrl_hs |          getBias         | return value |
|network_weights_bias      |  in |   32|   ap_none  |   network_weights_bias   |    scalar    |
|network_weights_bias_86   |  in |   32|   ap_none  |  network_weights_bias_86 |    scalar    |
|network_weights_bias_87   |  in |   32|   ap_none  |  network_weights_bias_87 |    scalar    |
|network_weights_bias_88   |  in |   32|   ap_none  |  network_weights_bias_88 |    scalar    |
|network_weights_bias_89   |  in |   32|   ap_none  |  network_weights_bias_89 |    scalar    |
|network_weights_bias_90   |  in |   32|   ap_none  |  network_weights_bias_90 |    scalar    |
|network_weights_bias_91   |  in |   32|   ap_none  |  network_weights_bias_91 |    scalar    |
|network_weights_bias_92   |  in |   32|   ap_none  |  network_weights_bias_92 |    scalar    |
|network_weights_bias_93   |  in |   32|   ap_none  |  network_weights_bias_93 |    scalar    |
|network_weights_bias_94   |  in |   32|   ap_none  |  network_weights_bias_94 |    scalar    |
|network_weights_bias_95   |  in |   32|   ap_none  |  network_weights_bias_95 |    scalar    |
|network_weights_bias_96   |  in |   32|   ap_none  |  network_weights_bias_96 |    scalar    |
|network_weights_bias_97   |  in |   32|   ap_none  |  network_weights_bias_97 |    scalar    |
|network_weights_bias_98   |  in |   32|   ap_none  |  network_weights_bias_98 |    scalar    |
|network_weights_bias_99   |  in |   32|   ap_none  |  network_weights_bias_99 |    scalar    |
|network_weights_bias_100  |  in |   32|   ap_none  | network_weights_bias_100 |    scalar    |
|network_weights_bias_101  |  in |   32|   ap_none  | network_weights_bias_101 |    scalar    |
|network_weights_bias_102  |  in |   32|   ap_none  | network_weights_bias_102 |    scalar    |
|network_weights_bias_103  |  in |   32|   ap_none  | network_weights_bias_103 |    scalar    |
|network_weights_bias_104  |  in |   32|   ap_none  | network_weights_bias_104 |    scalar    |
|network_weights_bias_105  |  in |   32|   ap_none  | network_weights_bias_105 |    scalar    |
|network_weights_bias_106  |  in |   32|   ap_none  | network_weights_bias_106 |    scalar    |
|network_weights_bias_107  |  in |   32|   ap_none  | network_weights_bias_107 |    scalar    |
|network_weights_bias_108  |  in |   32|   ap_none  | network_weights_bias_108 |    scalar    |
|network_weights_bias_109  |  in |   32|   ap_none  | network_weights_bias_109 |    scalar    |
|network_weights_bias_110  |  in |   32|   ap_none  | network_weights_bias_110 |    scalar    |
|network_weights_bias_111  |  in |   32|   ap_none  | network_weights_bias_111 |    scalar    |
|network_weights_bias_112  |  in |   32|   ap_none  | network_weights_bias_112 |    scalar    |
|network_weights_bias_113  |  in |   32|   ap_none  | network_weights_bias_113 |    scalar    |
|layer                     |  in |    4|   ap_none  |           layer          |    scalar    |
|index                     |  in |    5|   ap_none  |           index          |    scalar    |
+--------------------------+-----+-----+------------+--------------------------+--------------+

============================================================
+ Verbose Summary: Synthesis Manager
============================================================
InlineROM: 1
ExposeGlobal: 0
============================================================
+ Verbose Summary: CDFG Model
============================================================
IsTopModel: 0
ResetActiveHigh: 1
IsCombinational: 1
IsDatapathOnly: 2
HasWiredReturn: 1
HasMFsm: 2
HasVarLatency: 0
IsPipeline: 1
IsRtlPipelined: 0
IsInstanceOverlapped: 0
IsDontTouch: 0
HasImplIP: 0
IsGatedGlobalClock: 0

+ Individual pipeline summary: 
  * Pipeline-0: initiation interval (II) = 1, depth = 1


============================================================
+ Verbose Summary: Schedule
============================================================
* Number of FSM states : 1
* Pipeline : 1
  Pipeline-0 : II = 1, D = 1, States = { 1 }
* Dataflow Pipeline: 0

* FSM state transitions: 
1 --> 

* FSM state operations: 

State 1 <SV = 0> <Delay = 3.10>
ST_1 : Operation 2 [1/1] (0.00ns)   --->   "%index_read = call i5 @_ssdm_op_Read.ap_auto.i5(i5 %index)" [network/network_top.cpp:28]   --->   Operation 2 'read' 'index_read' <Predicate = true> <Delay = 0.00>
ST_1 : Operation 3 [1/1] (0.00ns)   --->   "%layer_read = call i4 @_ssdm_op_Read.ap_auto.i4(i4 %layer)" [network/network_top.cpp:28]   --->   Operation 3 'read' 'layer_read' <Predicate = true> <Delay = 0.00>
ST_1 : Operation 4 [1/1] (0.00ns)   --->   "%network_weights_bias_114 = call i32 @_ssdm_op_Read.ap_auto.i32(i32 %network_weights_bias_113)" [network/network_top.cpp:28]   --->   Operation 4 'read' 'network_weights_bias_114' <Predicate = true> <Delay = 0.00>
ST_1 : Operation 5 [1/1] (0.00ns)   --->   "%network_weights_bias_115 = call i32 @_ssdm_op_Read.ap_auto.i32(i32 %network_weights_bias_112)" [network/network_top.cpp:28]   --->   Operation 5 'read' 'network_weights_bias_115' <Predicate = true> <Delay = 0.00>
ST_1 : Operation 6 [1/1] (0.00ns)   --->   "%network_weights_bias_116 = call i32 @_ssdm_op_Read.ap_auto.i32(i32 %network_weights_bias_111)" [network/network_top.cpp:28]   --->   Operation 6 'read' 'network_weights_bias_116' <Predicate = true> <Delay = 0.00>
ST_1 : Operation 7 [1/1] (0.00ns)   --->   "%network_weights_bias_117 = call i32 @_ssdm_op_Read.ap_auto.i32(i32 %network_weights_bias_110)" [network/network_top.cpp:28]   --->   Operation 7 'read' 'network_weights_bias_117' <Predicate = true> <Delay = 0.00>
ST_1 : Operation 8 [1/1] (0.00ns)   --->   "%network_weights_bias_118 = call i32 @_ssdm_op_Read.ap_auto.i32(i32 %network_weights_bias_109)" [network/network_top.cpp:28]   --->   Operation 8 'read' 'network_weights_bias_118' <Predicate = true> <Delay = 0.00>
ST_1 : Operation 9 [1/1] (0.00ns)   --->   "%network_weights_bias_119 = call i32 @_ssdm_op_Read.ap_auto.i32(i32 %network_weights_bias_108)" [network/network_top.cpp:28]   --->   Operation 9 'read' 'network_weights_bias_119' <Predicate = true> <Delay = 0.00>
ST_1 : Operation 10 [1/1] (0.00ns)   --->   "%network_weights_bias_120 = call i32 @_ssdm_op_Read.ap_auto.i32(i32 %network_weights_bias_107)" [network/network_top.cpp:28]   --->   Operation 10 'read' 'network_weights_bias_120' <Predicate = true> <Delay = 0.00>
ST_1 : Operation 11 [1/1] (0.00ns)   --->   "%network_weights_bias_121 = call i32 @_ssdm_op_Read.ap_auto.i32(i32 %network_weights_bias_106)" [network/network_top.cpp:28]   --->   Operation 11 'read' 'network_weights_bias_121' <Predicate = true> <Delay = 0.00>
ST_1 : Operation 12 [1/1] (0.00ns)   --->   "%network_weights_bias_122 = call i32 @_ssdm_op_Read.ap_auto.i32(i32 %network_weights_bias_105)" [network/network_top.cpp:28]   --->   Operation 12 'read' 'network_weights_bias_122' <Predicate = true> <Delay = 0.00>
ST_1 : Operation 13 [1/1] (0.00ns)   --->   "%network_weights_bias_123 = call i32 @_ssdm_op_Read.ap_auto.i32(i32 %network_weights_bias_104)" [network/network_top.cpp:28]   --->   Operation 13 'read' 'network_weights_bias_123' <Predicate = true> <Delay = 0.00>
ST_1 : Operation 14 [1/1] (0.00ns)   --->   "%network_weights_bias_124 = call i32 @_ssdm_op_Read.ap_auto.i32(i32 %network_weights_bias_103)" [network/network_top.cpp:28]   --->   Operation 14 'read' 'network_weights_bias_124' <Predicate = true> <Delay = 0.00>
ST_1 : Operation 15 [1/1] (0.00ns)   --->   "%network_weights_bias_125 = call i32 @_ssdm_op_Read.ap_auto.i32(i32 %network_weights_bias_102)" [network/network_top.cpp:28]   --->   Operation 15 'read' 'network_weights_bias_125' <Predicate = true> <Delay = 0.00>
ST_1 : Operation 16 [1/1] (0.00ns)   --->   "%network_weights_bias_126 = call i32 @_ssdm_op_Read.ap_auto.i32(i32 %network_weights_bias_101)" [network/network_top.cpp:28]   --->   Operation 16 'read' 'network_weights_bias_126' <Predicate = true> <Delay = 0.00>
ST_1 : Operation 17 [1/1] (0.00ns)   --->   "%network_weights_bias_127 = call i32 @_ssdm_op_Read.ap_auto.i32(i32 %network_weights_bias_100)" [network/network_top.cpp:28]   --->   Operation 17 'read' 'network_weights_bias_127' <Predicate = true> <Delay = 0.00>
ST_1 : Operation 18 [1/1] (0.00ns)   --->   "%network_weights_bias_128 = call i32 @_ssdm_op_Read.ap_auto.i32(i32 %network_weights_bias_99)" [network/network_top.cpp:28]   --->   Operation 18 'read' 'network_weights_bias_128' <Predicate = true> <Delay = 0.00>
ST_1 : Operation 19 [1/1] (0.00ns)   --->   "%network_weights_bias_129 = call i32 @_ssdm_op_Read.ap_auto.i32(i32 %network_weights_bias_98)" [network/network_top.cpp:28]   --->   Operation 19 'read' 'network_weights_bias_129' <Predicate = true> <Delay = 0.00>
ST_1 : Operation 20 [1/1] (0.00ns)   --->   "%network_weights_bias_130 = call i32 @_ssdm_op_Read.ap_auto.i32(i32 %network_weights_bias_97)" [network/network_top.cpp:28]   --->   Operation 20 'read' 'network_weights_bias_130' <Predicate = true> <Delay = 0.00>
ST_1 : Operation 21 [1/1] (0.00ns)   --->   "%network_weights_bias_131 = call i32 @_ssdm_op_Read.ap_auto.i32(i32 %network_weights_bias_96)" [network/network_top.cpp:28]   --->   Operation 21 'read' 'network_weights_bias_131' <Predicate = true> <Delay = 0.00>
ST_1 : Operation 22 [1/1] (0.00ns)   --->   "%network_weights_bias_132 = call i32 @_ssdm_op_Read.ap_auto.i32(i32 %network_weights_bias_95)" [network/network_top.cpp:28]   --->   Operation 22 'read' 'network_weights_bias_132' <Predicate = true> <Delay = 0.00>
ST_1 : Operation 23 [1/1] (0.00ns)   --->   "%network_weights_bias_133 = call i32 @_ssdm_op_Read.ap_auto.i32(i32 %network_weights_bias_94)" [network/network_top.cpp:28]   --->   Operation 23 'read' 'network_weights_bias_133' <Predicate = true> <Delay = 0.00>
ST_1 : Operation 24 [1/1] (0.00ns)   --->   "%network_weights_bias_134 = call i32 @_ssdm_op_Read.ap_auto.i32(i32 %network_weights_bias_93)" [network/network_top.cpp:28]   --->   Operation 24 'read' 'network_weights_bias_134' <Predicate = true> <Delay = 0.00>
ST_1 : Operation 25 [1/1] (0.00ns)   --->   "%network_weights_bias_135 = call i32 @_ssdm_op_Read.ap_auto.i32(i32 %network_weights_bias_92)" [network/network_top.cpp:28]   --->   Operation 25 'read' 'network_weights_bias_135' <Predicate = true> <Delay = 0.00>
ST_1 : Operation 26 [1/1] (0.00ns)   --->   "%network_weights_bias_136 = call i32 @_ssdm_op_Read.ap_auto.i32(i32 %network_weights_bias_91)" [network/network_top.cpp:28]   --->   Operation 26 'read' 'network_weights_bias_136' <Predicate = true> <Delay = 0.00>
ST_1 : Operation 27 [1/1] (0.00ns)   --->   "%network_weights_bias_137 = call i32 @_ssdm_op_Read.ap_auto.i32(i32 %network_weights_bias_90)" [network/network_top.cpp:28]   --->   Operation 27 'read' 'network_weights_bias_137' <Predicate = true> <Delay = 0.00>
ST_1 : Operation 28 [1/1] (0.00ns)   --->   "%network_weights_bias_138 = call i32 @_ssdm_op_Read.ap_auto.i32(i32 %network_weights_bias_89)" [network/network_top.cpp:28]   --->   Operation 28 'read' 'network_weights_bias_138' <Predicate = true> <Delay = 0.00>
ST_1 : Operation 29 [1/1] (0.00ns)   --->   "%network_weights_bias_139 = call i32 @_ssdm_op_Read.ap_auto.i32(i32 %network_weights_bias_88)" [network/network_top.cpp:28]   --->   Operation 29 'read' 'network_weights_bias_139' <Predicate = true> <Delay = 0.00>
ST_1 : Operation 30 [1/1] (0.00ns)   --->   "%network_weights_bias_140 = call i32 @_ssdm_op_Read.ap_auto.i32(i32 %network_weights_bias_87)" [network/network_top.cpp:28]   --->   Operation 30 'read' 'network_weights_bias_140' <Predicate = true> <Delay = 0.00>
ST_1 : Operation 31 [1/1] (0.00ns)   --->   "%network_weights_bias_141 = call i32 @_ssdm_op_Read.ap_auto.i32(i32 %network_weights_bias_86)" [network/network_top.cpp:28]   --->   Operation 31 'read' 'network_weights_bias_141' <Predicate = true> <Delay = 0.00>
ST_1 : Operation 32 [1/1] (0.00ns)   --->   "%network_weights_bias_142 = call i32 @_ssdm_op_Read.ap_auto.i32(i32 %network_weights_bias)" [network/network_top.cpp:28]   --->   Operation 32 'read' 'network_weights_bias_142' <Predicate = true> <Delay = 0.00>
ST_1 : Operation 33 [1/1] (0.00ns)   --->   "%trunc_ln33 = trunc i5 %index_read to i4" [network/network_top.cpp:33]   --->   Operation 33 'trunc' 'trunc_ln33' <Predicate = (icmp_ln30_3 & or_ln30 & or_ln30_2)> <Delay = 0.00>
ST_1 : Operation 34 [1/1] (1.28ns)   --->   "%tmp = call i32 @_ssdm_op_Mux.ap_auto.16i32.i4(i32 %network_weights_bias_142, i32 %network_weights_bias_141, i32 %network_weights_bias_140, i32 %network_weights_bias_139, i32 %network_weights_bias_138, i32 %network_weights_bias_137, i32 %network_weights_bias_136, i32 %network_weights_bias_135, i32 %network_weights_bias_134, i32 %network_weights_bias_133, i32 %network_weights_bias_132, i32 %network_weights_bias_131, i32 %network_weights_bias_130, i32 %network_weights_bias_129, i32 %network_weights_bias_128, i32 %network_weights_bias_127, i4 %trunc_ln33)" [network/network_top.cpp:33]   --->   Operation 34 'mux' 'tmp' <Predicate = (icmp_ln30_3 & or_ln30 & or_ln30_2)> <Delay = 1.28> <Core = "MuxnS">   --->   Core 31 'MuxnS' <Latency = 0> <II = 1> <Delay = 1.26> <FuncUnit> <Opcode : 'mux'> <InPorts = 2> <OutPorts = 1>
ST_1 : Operation 35 [1/1] (0.00ns)   --->   "%trunc_ln36 = trunc i5 %index_read to i3" [network/network_top.cpp:36]   --->   Operation 35 'trunc' 'trunc_ln36' <Predicate = (!icmp_ln30_3 & or_ln30 & or_ln30_2)> <Delay = 0.00>
ST_1 : Operation 36 [1/1] (1.45ns)   --->   "%tmp_4 = call i32 @_ssdm_op_Mux.ap_auto.8i32.i3(i32 %network_weights_bias_126, i32 %network_weights_bias_125, i32 %network_weights_bias_124, i32 %network_weights_bias_123, i32 %network_weights_bias_122, i32 %network_weights_bias_121, i32 %network_weights_bias_120, i32 %network_weights_bias_119, i3 %trunc_ln36)" [network/network_top.cpp:36]   --->   Operation 36 'mux' 'tmp_4' <Predicate = (!icmp_ln30_3 & or_ln30 & or_ln30_2)> <Delay = 1.45> <Core = "MuxnS">   --->   Core 31 'MuxnS' <Latency = 0> <II = 1> <Delay = 1.26> <FuncUnit> <Opcode : 'mux'> <InPorts = 2> <OutPorts = 1>
ST_1 : Operation 37 [1/1] (0.00ns)   --->   "%trunc_ln39 = trunc i5 %index_read to i2" [network/network_top.cpp:39]   --->   Operation 37 'trunc' 'trunc_ln39' <Predicate = (icmp_ln30_1 & !or_ln30 & or_ln30_2)> <Delay = 0.00>
ST_1 : Operation 38 [1/1] (1.26ns)   --->   "%tmp_5 = call i32 @_ssdm_op_Mux.ap_auto.4i32.i2(i32 %network_weights_bias_118, i32 %network_weights_bias_117, i32 %network_weights_bias_116, i32 %network_weights_bias_115, i2 %trunc_ln39)" [network/network_top.cpp:39]   --->   Operation 38 'mux' 'tmp_5' <Predicate = (icmp_ln30_1 & !or_ln30 & or_ln30_2)> <Delay = 1.26> <Core = "MuxnS">   --->   Core 31 'MuxnS' <Latency = 0> <II = 1> <Delay = 1.26> <FuncUnit> <Opcode : 'mux'> <InPorts = 2> <OutPorts = 1>
ST_1 : Operation 39 [1/1] (0.00ns)   --->   "%trunc_ln30 = trunc i4 %layer_read to i2" [network/network_top.cpp:30]   --->   Operation 39 'trunc' 'trunc_ln30' <Predicate = true> <Delay = 0.00>
ST_1 : Operation 40 [1/1] (0.61ns)   --->   "%icmp_ln30 = icmp eq i2 %trunc_ln30, -1" [network/network_top.cpp:30]   --->   Operation 40 'icmp' 'icmp_ln30' <Predicate = true> <Delay = 0.61> <Core = "Cmp">   --->   Core 25 'Cmp' <Latency = 0> <II = 1> <Delay = 0.61> <FuncUnit> <Opcode : 'icmp'> <InPorts = 2> <OutPorts = 1>
ST_1 : Operation 41 [1/1] (0.61ns)   --->   "%icmp_ln30_1 = icmp eq i2 %trunc_ln30, -2" [network/network_top.cpp:30]   --->   Operation 41 'icmp' 'icmp_ln30_1' <Predicate = true> <Delay = 0.61> <Core = "Cmp">   --->   Core 25 'Cmp' <Latency = 0> <II = 1> <Delay = 0.61> <FuncUnit> <Opcode : 'icmp'> <InPorts = 2> <OutPorts = 1>
ST_1 : Operation 42 [1/1] (0.61ns)   --->   "%icmp_ln30_2 = icmp eq i2 %trunc_ln30, 1" [network/network_top.cpp:30]   --->   Operation 42 'icmp' 'icmp_ln30_2' <Predicate = true> <Delay = 0.61> <Core = "Cmp">   --->   Core 25 'Cmp' <Latency = 0> <II = 1> <Delay = 0.61> <FuncUnit> <Opcode : 'icmp'> <InPorts = 2> <OutPorts = 1>
ST_1 : Operation 43 [1/1] (0.61ns)   --->   "%icmp_ln30_3 = icmp eq i2 %trunc_ln30, 0" [network/network_top.cpp:30]   --->   Operation 43 'icmp' 'icmp_ln30_3' <Predicate = true> <Delay = 0.61> <Core = "Cmp">   --->   Core 25 'Cmp' <Latency = 0> <II = 1> <Delay = 0.61> <FuncUnit> <Opcode : 'icmp'> <InPorts = 2> <OutPorts = 1>
ST_1 : Operation 44 [1/1] (0.00ns) (grouped into LUT with out node select_ln30_2)   --->   "%select_ln30 = select i1 %icmp_ln30_3, i32 %tmp, i32 %tmp_4" [network/network_top.cpp:30]   --->   Operation 44 'select' 'select_ln30' <Predicate = (or_ln30 & or_ln30_2)> <Delay = 0.00> <Core = "Sel">   --->   Core 26 'Sel' <Latency = 0> <II = 1> <Delay = 0.61> <FuncUnit> <Opcode : 'select'> <InPorts = 3> <OutPorts = 1>
ST_1 : Operation 45 [1/1] (0.61ns)   --->   "%or_ln30 = or i1 %icmp_ln30_3, %icmp_ln30_2" [network/network_top.cpp:30]   --->   Operation 45 'or' 'or_ln30' <Predicate = true> <Delay = 0.61> <Core = "LogicGate">   --->   Core 27 'LogicGate' <Latency = 0> <II = 1> <Delay = 0.61> <FuncUnit> <Opcode : 'and' 'or' 'xor'> <InPorts = 2> <OutPorts = 1>
ST_1 : Operation 46 [1/1] (0.61ns) (out node of the LUT)   --->   "%select_ln30_1 = select i1 %icmp_ln30_1, i32 %tmp_5, i32 %network_weights_bias_114" [network/network_top.cpp:30]   --->   Operation 46 'select' 'select_ln30_1' <Predicate = (!or_ln30 & or_ln30_2)> <Delay = 0.61> <Core = "Sel">   --->   Core 26 'Sel' <Latency = 0> <II = 1> <Delay = 0.61> <FuncUnit> <Opcode : 'select'> <InPorts = 3> <OutPorts = 1>
ST_1 : Operation 47 [1/1] (0.00ns) (grouped into LUT with out node select_ln30_3)   --->   "%or_ln30_1 = or i1 %icmp_ln30_1, %icmp_ln30" [network/network_top.cpp:30]   --->   Operation 47 'or' 'or_ln30_1' <Predicate = true> <Delay = 0.00> <Core = "LogicGate">   --->   Core 27 'LogicGate' <Latency = 0> <II = 1> <Delay = 0.61> <FuncUnit> <Opcode : 'and' 'or' 'xor'> <InPorts = 2> <OutPorts = 1>
ST_1 : Operation 48 [1/1] (0.61ns) (out node of the LUT)   --->   "%select_ln30_2 = select i1 %or_ln30, i32 %select_ln30, i32 %select_ln30_1" [network/network_top.cpp:30]   --->   Operation 48 'select' 'select_ln30_2' <Predicate = (or_ln30_2)> <Delay = 0.61> <Core = "Sel">   --->   Core 26 'Sel' <Latency = 0> <II = 1> <Delay = 0.61> <FuncUnit> <Opcode : 'select'> <InPorts = 3> <OutPorts = 1>
ST_1 : Operation 49 [1/1] (0.00ns) (grouped into LUT with out node select_ln30_3)   --->   "%or_ln30_2 = or i1 %or_ln30, %or_ln30_1" [network/network_top.cpp:30]   --->   Operation 49 'or' 'or_ln30_2' <Predicate = true> <Delay = 0.00> <Core = "LogicGate">   --->   Core 27 'LogicGate' <Latency = 0> <II = 1> <Delay = 0.61> <FuncUnit> <Opcode : 'and' 'or' 'xor'> <InPorts = 2> <OutPorts = 1>
ST_1 : Operation 50 [1/1] (0.61ns) (out node of the LUT)   --->   "%select_ln30_3 = select i1 %or_ln30_2, i32 %select_ln30_2, i32 0" [network/network_top.cpp:30]   --->   Operation 50 'select' 'select_ln30_3' <Predicate = true> <Delay = 0.61> <Core = "Sel">   --->   Core 26 'Sel' <Latency = 0> <II = 1> <Delay = 0.61> <FuncUnit> <Opcode : 'select'> <InPorts = 3> <OutPorts = 1>
ST_1 : Operation 51 [1/1] (0.00ns)   --->   "ret i32 %select_ln30_3" [network/network_top.cpp:47]   --->   Operation 51 'ret' <Predicate = true> <Delay = 0.00>


============================================================
+ Verbose Summary: Binding
============================================================
STG Binding: 
---------------- STG Properties BEGIN ----------------
- Is combinational: 1
- Is one-state seq: 0
- Is datapath-only: 0
- Is pipelined: 1
- Is top level: 0
Port [ Return ] is wired: 1; IO mode=ap_ctrl_hs:ce=0
Port [ network_weights_bias]:  wired=1; compound=0; hidden=0; nouse=0; global=0; static=0; extern=0; dir=0; type=0; pingpong=0; private_global=0; IO mode=ap_none:ce=0
Port [ network_weights_bias_86]:  wired=1; compound=0; hidden=0; nouse=0; global=0; static=0; extern=0; dir=0; type=0; pingpong=0; private_global=0; IO mode=ap_none:ce=0
Port [ network_weights_bias_87]:  wired=1; compound=0; hidden=0; nouse=0; global=0; static=0; extern=0; dir=0; type=0; pingpong=0; private_global=0; IO mode=ap_none:ce=0
Port [ network_weights_bias_88]:  wired=1; compound=0; hidden=0; nouse=0; global=0; static=0; extern=0; dir=0; type=0; pingpong=0; private_global=0; IO mode=ap_none:ce=0
Port [ network_weights_bias_89]:  wired=1; compound=0; hidden=0; nouse=0; global=0; static=0; extern=0; dir=0; type=0; pingpong=0; private_global=0; IO mode=ap_none:ce=0
Port [ network_weights_bias_90]:  wired=1; compound=0; hidden=0; nouse=0; global=0; static=0; extern=0; dir=0; type=0; pingpong=0; private_global=0; IO mode=ap_none:ce=0
Port [ network_weights_bias_91]:  wired=1; compound=0; hidden=0; nouse=0; global=0; static=0; extern=0; dir=0; type=0; pingpong=0; private_global=0; IO mode=ap_none:ce=0
Port [ network_weights_bias_92]:  wired=1; compound=0; hidden=0; nouse=0; global=0; static=0; extern=0; dir=0; type=0; pingpong=0; private_global=0; IO mode=ap_none:ce=0
Port [ network_weights_bias_93]:  wired=1; compound=0; hidden=0; nouse=0; global=0; static=0; extern=0; dir=0; type=0; pingpong=0; private_global=0; IO mode=ap_none:ce=0
Port [ network_weights_bias_94]:  wired=1; compound=0; hidden=0; nouse=0; global=0; static=0; extern=0; dir=0; type=0; pingpong=0; private_global=0; IO mode=ap_none:ce=0
Port [ network_weights_bias_95]:  wired=1; compound=0; hidden=0; nouse=0; global=0; static=0; extern=0; dir=0; type=0; pingpong=0; private_global=0; IO mode=ap_none:ce=0
Port [ network_weights_bias_96]:  wired=1; compound=0; hidden=0; nouse=0; global=0; static=0; extern=0; dir=0; type=0; pingpong=0; private_global=0; IO mode=ap_none:ce=0
Port [ network_weights_bias_97]:  wired=1; compound=0; hidden=0; nouse=0; global=0; static=0; extern=0; dir=0; type=0; pingpong=0; private_global=0; IO mode=ap_none:ce=0
Port [ network_weights_bias_98]:  wired=1; compound=0; hidden=0; nouse=0; global=0; static=0; extern=0; dir=0; type=0; pingpong=0; private_global=0; IO mode=ap_none:ce=0
Port [ network_weights_bias_99]:  wired=1; compound=0; hidden=0; nouse=0; global=0; static=0; extern=0; dir=0; type=0; pingpong=0; private_global=0; IO mode=ap_none:ce=0
Port [ network_weights_bias_100]:  wired=1; compound=0; hidden=0; nouse=0; global=0; static=0; extern=0; dir=0; type=0; pingpong=0; private_global=0; IO mode=ap_none:ce=0
Port [ network_weights_bias_101]:  wired=1; compound=0; hidden=0; nouse=0; global=0; static=0; extern=0; dir=0; type=0; pingpong=0; private_global=0; IO mode=ap_none:ce=0
Port [ network_weights_bias_102]:  wired=1; compound=0; hidden=0; nouse=0; global=0; static=0; extern=0; dir=0; type=0; pingpong=0; private_global=0; IO mode=ap_none:ce=0
Port [ network_weights_bias_103]:  wired=1; compound=0; hidden=0; nouse=0; global=0; static=0; extern=0; dir=0; type=0; pingpong=0; private_global=0; IO mode=ap_none:ce=0
Port [ network_weights_bias_104]:  wired=1; compound=0; hidden=0; nouse=0; global=0; static=0; extern=0; dir=0; type=0; pingpong=0; private_global=0; IO mode=ap_none:ce=0
Port [ network_weights_bias_105]:  wired=1; compound=0; hidden=0; nouse=0; global=0; static=0; extern=0; dir=0; type=0; pingpong=0; private_global=0; IO mode=ap_none:ce=0
Port [ network_weights_bias_106]:  wired=1; compound=0; hidden=0; nouse=0; global=0; static=0; extern=0; dir=0; type=0; pingpong=0; private_global=0; IO mode=ap_none:ce=0
Port [ network_weights_bias_107]:  wired=1; compound=0; hidden=0; nouse=0; global=0; static=0; extern=0; dir=0; type=0; pingpong=0; private_global=0; IO mode=ap_none:ce=0
Port [ network_weights_bias_108]:  wired=1; compound=0; hidden=0; nouse=0; global=0; static=0; extern=0; dir=0; type=0; pingpong=0; private_global=0; IO mode=ap_none:ce=0
Port [ network_weights_bias_109]:  wired=1; compound=0; hidden=0; nouse=0; global=0; static=0; extern=0; dir=0; type=0; pingpong=0; private_global=0; IO mode=ap_none:ce=0
Port [ network_weights_bias_110]:  wired=1; compound=0; hidden=0; nouse=0; global=0; static=0; extern=0; dir=0; type=0; pingpong=0; private_global=0; IO mode=ap_none:ce=0
Port [ network_weights_bias_111]:  wired=1; compound=0; hidden=0; nouse=0; global=0; static=0; extern=0; dir=0; type=0; pingpong=0; private_global=0; IO mode=ap_none:ce=0
Port [ network_weights_bias_112]:  wired=1; compound=0; hidden=0; nouse=0; global=0; static=0; extern=0; dir=0; type=0; pingpong=0; private_global=0; IO mode=ap_none:ce=0
Port [ network_weights_bias_113]:  wired=1; compound=0; hidden=0; nouse=0; global=0; static=0; extern=0; dir=0; type=0; pingpong=0; private_global=0; IO mode=ap_none:ce=0
Port [ layer]:  wired=1; compound=0; hidden=0; nouse=0; global=0; static=0; extern=0; dir=0; type=0; pingpong=0; private_global=0; IO mode=ap_none:ce=0
Port [ index]:  wired=1; compound=0; hidden=0; nouse=0; global=0; static=0; extern=0; dir=0; type=0; pingpong=0; private_global=0; IO mode=ap_none:ce=0
---------------- STG Properties END ------------------

---------------- Datapath Model BEGIN ----------------

<LifeTime>
<method=bitvector/>
index_read               (read  ) [ 00]
layer_read               (read  ) [ 00]
network_weights_bias_114 (read  ) [ 00]
network_weights_bias_115 (read  ) [ 00]
network_weights_bias_116 (read  ) [ 00]
network_weights_bias_117 (read  ) [ 00]
network_weights_bias_118 (read  ) [ 00]
network_weights_bias_119 (read  ) [ 00]
network_weights_bias_120 (read  ) [ 00]
network_weights_bias_121 (read  ) [ 00]
network_weights_bias_122 (read  ) [ 00]
network_weights_bias_123 (read  ) [ 00]
network_weights_bias_124 (read  ) [ 00]
network_weights_bias_125 (read  ) [ 00]
network_weights_bias_126 (read  ) [ 00]
network_weights_bias_127 (read  ) [ 00]
network_weights_bias_128 (read  ) [ 00]
network_weights_bias_129 (read  ) [ 00]
network_weights_bias_130 (read  ) [ 00]
network_weights_bias_131 (read  ) [ 00]
network_weights_bias_132 (read  ) [ 00]
network_weights_bias_133 (read  ) [ 00]
network_weights_bias_134 (read  ) [ 00]
network_weights_bias_135 (read  ) [ 00]
network_weights_bias_136 (read  ) [ 00]
network_weights_bias_137 (read  ) [ 00]
network_weights_bias_138 (read  ) [ 00]
network_weights_bias_139 (read  ) [ 00]
network_weights_bias_140 (read  ) [ 00]
network_weights_bias_141 (read  ) [ 00]
network_weights_bias_142 (read  ) [ 00]
trunc_ln33               (trunc ) [ 00]
tmp                      (mux   ) [ 00]
trunc_ln36               (trunc ) [ 00]
tmp_4                    (mux   ) [ 00]
trunc_ln39               (trunc ) [ 00]
tmp_5                    (mux   ) [ 00]
trunc_ln30               (trunc ) [ 00]
icmp_ln30                (icmp  ) [ 00]
icmp_ln30_1              (icmp  ) [ 01]
icmp_ln30_2              (icmp  ) [ 00]
icmp_ln30_3              (icmp  ) [ 01]
select_ln30              (select) [ 00]
or_ln30                  (or    ) [ 01]
select_ln30_1            (select) [ 00]
or_ln30_1                (or    ) [ 00]
select_ln30_2            (select) [ 00]
or_ln30_2                (or    ) [ 01]
select_ln30_3            (select) [ 00]
ret_ln47                 (ret   ) [ 00]
</LifeTime>

<model>

<comp_list>
<comp id="0" class="1000" name="network_weights_bias">
<pin_list>
<pin id="1" dir="1" index="0" bw="1" slack="0"/>
</pin_list>
<bind>
<StgValue><ssdm name="network_weights_bias"/></StgValue>
</bind>
</comp>

<comp id="2" class="1000" name="network_weights_bias_86">
<pin_list>
<pin id="3" dir="1" index="0" bw="1" slack="0"/>
</pin_list>
<bind>
<StgValue><ssdm name="network_weights_bias_86"/></StgValue>
</bind>
</comp>

<comp id="4" class="1000" name="network_weights_bias_87">
<pin_list>
<pin id="5" dir="1" index="0" bw="1" slack="0"/>
</pin_list>
<bind>
<StgValue><ssdm name="network_weights_bias_87"/></StgValue>
</bind>
</comp>

<comp id="6" class="1000" name="network_weights_bias_88">
<pin_list>
<pin id="7" dir="1" index="0" bw="1" slack="0"/>
</pin_list>
<bind>
<StgValue><ssdm name="network_weights_bias_88"/></StgValue>
</bind>
</comp>

<comp id="8" class="1000" name="network_weights_bias_89">
<pin_list>
<pin id="9" dir="1" index="0" bw="1" slack="0"/>
</pin_list>
<bind>
<StgValue><ssdm name="network_weights_bias_89"/></StgValue>
</bind>
</comp>

<comp id="10" class="1000" name="network_weights_bias_90">
<pin_list>
<pin id="11" dir="1" index="0" bw="1" slack="0"/>
</pin_list>
<bind>
<StgValue><ssdm name="network_weights_bias_90"/></StgValue>
</bind>
</comp>

<comp id="12" class="1000" name="network_weights_bias_91">
<pin_list>
<pin id="13" dir="1" index="0" bw="1" slack="0"/>
</pin_list>
<bind>
<StgValue><ssdm name="network_weights_bias_91"/></StgValue>
</bind>
</comp>

<comp id="14" class="1000" name="network_weights_bias_92">
<pin_list>
<pin id="15" dir="1" index="0" bw="1" slack="0"/>
</pin_list>
<bind>
<StgValue><ssdm name="network_weights_bias_92"/></StgValue>
</bind>
</comp>

<comp id="16" class="1000" name="network_weights_bias_93">
<pin_list>
<pin id="17" dir="1" index="0" bw="1" slack="0"/>
</pin_list>
<bind>
<StgValue><ssdm name="network_weights_bias_93"/></StgValue>
</bind>
</comp>

<comp id="18" class="1000" name="network_weights_bias_94">
<pin_list>
<pin id="19" dir="1" index="0" bw="1" slack="0"/>
</pin_list>
<bind>
<StgValue><ssdm name="network_weights_bias_94"/></StgValue>
</bind>
</comp>

<comp id="20" class="1000" name="network_weights_bias_95">
<pin_list>
<pin id="21" dir="1" index="0" bw="1" slack="0"/>
</pin_list>
<bind>
<StgValue><ssdm name="network_weights_bias_95"/></StgValue>
</bind>
</comp>

<comp id="22" class="1000" name="network_weights_bias_96">
<pin_list>
<pin id="23" dir="1" index="0" bw="1" slack="0"/>
</pin_list>
<bind>
<StgValue><ssdm name="network_weights_bias_96"/></StgValue>
</bind>
</comp>

<comp id="24" class="1000" name="network_weights_bias_97">
<pin_list>
<pin id="25" dir="1" index="0" bw="1" slack="0"/>
</pin_list>
<bind>
<StgValue><ssdm name="network_weights_bias_97"/></StgValue>
</bind>
</comp>

<comp id="26" class="1000" name="network_weights_bias_98">
<pin_list>
<pin id="27" dir="1" index="0" bw="1" slack="0"/>
</pin_list>
<bind>
<StgValue><ssdm name="network_weights_bias_98"/></StgValue>
</bind>
</comp>

<comp id="28" class="1000" name="network_weights_bias_99">
<pin_list>
<pin id="29" dir="1" index="0" bw="1" slack="0"/>
</pin_list>
<bind>
<StgValue><ssdm name="network_weights_bias_99"/></StgValue>
</bind>
</comp>

<comp id="30" class="1000" name="network_weights_bias_100">
<pin_list>
<pin id="31" dir="1" index="0" bw="1" slack="0"/>
</pin_list>
<bind>
<StgValue><ssdm name="network_weights_bias_100"/></StgValue>
</bind>
</comp>

<comp id="32" class="1000" name="network_weights_bias_101">
<pin_list>
<pin id="33" dir="1" index="0" bw="1" slack="0"/>
</pin_list>
<bind>
<StgValue><ssdm name="network_weights_bias_101"/></StgValue>
</bind>
</comp>

<comp id="34" class="1000" name="network_weights_bias_102">
<pin_list>
<pin id="35" dir="1" index="0" bw="1" slack="0"/>
</pin_list>
<bind>
<StgValue><ssdm name="network_weights_bias_102"/></StgValue>
</bind>
</comp>

<comp id="36" class="1000" name="network_weights_bias_103">
<pin_list>
<pin id="37" dir="1" index="0" bw="1" slack="0"/>
</pin_list>
<bind>
<StgValue><ssdm name="network_weights_bias_103"/></StgValue>
</bind>
</comp>

<comp id="38" class="1000" name="network_weights_bias_104">
<pin_list>
<pin id="39" dir="1" index="0" bw="1" slack="0"/>
</pin_list>
<bind>
<StgValue><ssdm name="network_weights_bias_104"/></StgValue>
</bind>
</comp>

<comp id="40" class="1000" name="network_weights_bias_105">
<pin_list>
<pin id="41" dir="1" index="0" bw="1" slack="0"/>
</pin_list>
<bind>
<StgValue><ssdm name="network_weights_bias_105"/></StgValue>
</bind>
</comp>

<comp id="42" class="1000" name="network_weights_bias_106">
<pin_list>
<pin id="43" dir="1" index="0" bw="1" slack="0"/>
</pin_list>
<bind>
<StgValue><ssdm name="network_weights_bias_106"/></StgValue>
</bind>
</comp>

<comp id="44" class="1000" name="network_weights_bias_107">
<pin_list>
<pin id="45" dir="1" index="0" bw="1" slack="0"/>
</pin_list>
<bind>
<StgValue><ssdm name="network_weights_bias_107"/></StgValue>
</bind>
</comp>

<comp id="46" class="1000" name="network_weights_bias_108">
<pin_list>
<pin id="47" dir="1" index="0" bw="1" slack="0"/>
</pin_list>
<bind>
<StgValue><ssdm name="network_weights_bias_108"/></StgValue>
</bind>
</comp>

<comp id="48" class="1000" name="network_weights_bias_109">
<pin_list>
<pin id="49" dir="1" index="0" bw="1" slack="0"/>
</pin_list>
<bind>
<StgValue><ssdm name="network_weights_bias_109"/></StgValue>
</bind>
</comp>

<comp id="50" class="1000" name="network_weights_bias_110">
<pin_list>
<pin id="51" dir="1" index="0" bw="1" slack="0"/>
</pin_list>
<bind>
<StgValue><ssdm name="network_weights_bias_110"/></StgValue>
</bind>
</comp>

<comp id="52" class="1000" name="network_weights_bias_111">
<pin_list>
<pin id="53" dir="1" index="0" bw="1" slack="0"/>
</pin_list>
<bind>
<StgValue><ssdm name="network_weights_bias_111"/></StgValue>
</bind>
</comp>

<comp id="54" class="1000" name="network_weights_bias_112">
<pin_list>
<pin id="55" dir="1" index="0" bw="1" slack="0"/>
</pin_list>
<bind>
<StgValue><ssdm name="network_weights_bias_112"/></StgValue>
</bind>
</comp>

<comp id="56" class="1000" name="network_weights_bias_113">
<pin_list>
<pin id="57" dir="1" index="0" bw="1" slack="0"/>
</pin_list>
<bind>
<StgValue><ssdm name="network_weights_bias_113"/></StgValue>
</bind>
</comp>

<comp id="58" class="1000" name="layer">
<pin_list>
<pin id="59" dir="1" index="0" bw="1" slack="0"/>
</pin_list>
<bind>
<StgValue><ssdm name="layer"/></StgValue>
</bind>
</comp>

<comp id="60" class="1000" name="index">
<pin_list>
<pin id="61" dir="1" index="0" bw="1" slack="0"/>
</pin_list>
<bind>
<StgValue><ssdm name="index"/></StgValue>
</bind>
</comp>

<comp id="62" class="1001" name="const_62">
<pin_list>
<pin id="63" dir="1" index="0" bw="1" slack="0"/>
</pin_list>
<bind>
<StgValue><ssdm name="_ssdm_op_Read.ap_auto.i5"/></StgValue>
</bind>
</comp>

<comp id="64" class="1001" name="const_64">
<pin_list>
<pin id="65" dir="1" index="0" bw="1" slack="0"/>
</pin_list>
<bind>
<StgValue><ssdm name="_ssdm_op_Read.ap_auto.i4"/></StgValue>
</bind>
</comp>

<comp id="66" class="1001" name="const_66">
<pin_list>
<pin id="67" dir="1" index="0" bw="1" slack="0"/>
</pin_list>
<bind>
<StgValue><ssdm name="_ssdm_op_Read.ap_auto.i32"/></StgValue>
</bind>
</comp>

<comp id="68" class="1001" name="const_68">
<pin_list>
<pin id="69" dir="1" index="0" bw="1" slack="0"/>
</pin_list>
<bind>
<StgValue><ssdm name="_ssdm_op_Mux.ap_auto.16i32.i4"/></StgValue>
</bind>
</comp>

<comp id="70" class="1001" name="const_70">
<pin_list>
<pin id="71" dir="1" index="0" bw="1" slack="0"/>
</pin_list>
<bind>
<StgValue><ssdm name="_ssdm_op_Mux.ap_auto.8i32.i3"/></StgValue>
</bind>
</comp>

<comp id="72" class="1001" name="const_72">
<pin_list>
<pin id="73" dir="1" index="0" bw="1" slack="0"/>
</pin_list>
<bind>
<StgValue><ssdm name="_ssdm_op_Mux.ap_auto.4i32.i2"/></StgValue>
</bind>
</comp>

<comp id="74" class="1001" name="const_74">
<pin_list>
<pin id="75" dir="1" index="0" bw="1" slack="0"/>
</pin_list>
<bind>
<StgValue><ssdm name=""/></StgValue>
</bind>
</comp>

<comp id="76" class="1001" name="const_76">
<pin_list>
<pin id="77" dir="1" index="0" bw="1" slack="0"/>
</pin_list>
<bind>
<StgValue><ssdm name=""/></StgValue>
</bind>
</comp>

<comp id="78" class="1001" name="const_78">
<pin_list>
<pin id="79" dir="1" index="0" bw="1" slack="0"/>
</pin_list>
<bind>
<StgValue><ssdm name=""/></StgValue>
</bind>
</comp>

<comp id="80" class="1001" name="const_80">
<pin_list>
<pin id="81" dir="1" index="0" bw="1" slack="0"/>
</pin_list>
<bind>
<StgValue><ssdm name=""/></StgValue>
</bind>
</comp>

<comp id="82" class="1001" name="const_82">
<pin_list>
<pin id="83" dir="1" index="0" bw="1" slack="0"/>
</pin_list>
<bind>
<StgValue><ssdm name=""/></StgValue>
</bind>
</comp>

<comp id="84" class="1004" name="index_read_read_fu_84">
<pin_list>
<pin id="85" dir="0" index="0" bw="5" slack="0"/>
<pin id="86" dir="0" index="1" bw="5" slack="0"/>
<pin id="87" dir="1" index="2" bw="5" slack="0"/>
</pin_list>
<bind>
<opcode="read(1150) " fcode="read"/>
<opset="index_read/1 "/>
</bind>
</comp>

<comp id="90" class="1004" name="layer_read_read_fu_90">
<pin_list>
<pin id="91" dir="0" index="0" bw="4" slack="0"/>
<pin id="92" dir="0" index="1" bw="4" slack="0"/>
<pin id="93" dir="1" index="2" bw="4" slack="0"/>
</pin_list>
<bind>
<opcode="read(1150) " fcode="read"/>
<opset="layer_read/1 "/>
</bind>
</comp>

<comp id="96" class="1004" name="network_weights_bias_114_read_fu_96">
<pin_list>
<pin id="97" dir="0" index="0" bw="32" slack="0"/>
<pin id="98" dir="0" index="1" bw="32" slack="0"/>
<pin id="99" dir="1" index="2" bw="32" slack="0"/>
</pin_list>
<bind>
<opcode="read(1150) " fcode="read"/>
<opset="network_weights_bias_114/1 "/>
</bind>
</comp>

<comp id="102" class="1004" name="network_weights_bias_115_read_fu_102">
<pin_list>
<pin id="103" dir="0" index="0" bw="32" slack="0"/>
<pin id="104" dir="0" index="1" bw="32" slack="0"/>
<pin id="105" dir="1" index="2" bw="32" slack="0"/>
</pin_list>
<bind>
<opcode="read(1150) " fcode="read"/>
<opset="network_weights_bias_115/1 "/>
</bind>
</comp>

<comp id="108" class="1004" name="network_weights_bias_116_read_fu_108">
<pin_list>
<pin id="109" dir="0" index="0" bw="32" slack="0"/>
<pin id="110" dir="0" index="1" bw="32" slack="0"/>
<pin id="111" dir="1" index="2" bw="32" slack="0"/>
</pin_list>
<bind>
<opcode="read(1150) " fcode="read"/>
<opset="network_weights_bias_116/1 "/>
</bind>
</comp>

<comp id="114" class="1004" name="network_weights_bias_117_read_fu_114">
<pin_list>
<pin id="115" dir="0" index="0" bw="32" slack="0"/>
<pin id="116" dir="0" index="1" bw="32" slack="0"/>
<pin id="117" dir="1" index="2" bw="32" slack="0"/>
</pin_list>
<bind>
<opcode="read(1150) " fcode="read"/>
<opset="network_weights_bias_117/1 "/>
</bind>
</comp>

<comp id="120" class="1004" name="network_weights_bias_118_read_fu_120">
<pin_list>
<pin id="121" dir="0" index="0" bw="32" slack="0"/>
<pin id="122" dir="0" index="1" bw="32" slack="0"/>
<pin id="123" dir="1" index="2" bw="32" slack="0"/>
</pin_list>
<bind>
<opcode="read(1150) " fcode="read"/>
<opset="network_weights_bias_118/1 "/>
</bind>
</comp>

<comp id="126" class="1004" name="network_weights_bias_119_read_fu_126">
<pin_list>
<pin id="127" dir="0" index="0" bw="32" slack="0"/>
<pin id="128" dir="0" index="1" bw="32" slack="0"/>
<pin id="129" dir="1" index="2" bw="32" slack="0"/>
</pin_list>
<bind>
<opcode="read(1150) " fcode="read"/>
<opset="network_weights_bias_119/1 "/>
</bind>
</comp>

<comp id="132" class="1004" name="network_weights_bias_120_read_fu_132">
<pin_list>
<pin id="133" dir="0" index="0" bw="32" slack="0"/>
<pin id="134" dir="0" index="1" bw="32" slack="0"/>
<pin id="135" dir="1" index="2" bw="32" slack="0"/>
</pin_list>
<bind>
<opcode="read(1150) " fcode="read"/>
<opset="network_weights_bias_120/1 "/>
</bind>
</comp>

<comp id="138" class="1004" name="network_weights_bias_121_read_fu_138">
<pin_list>
<pin id="139" dir="0" index="0" bw="32" slack="0"/>
<pin id="140" dir="0" index="1" bw="32" slack="0"/>
<pin id="141" dir="1" index="2" bw="32" slack="0"/>
</pin_list>
<bind>
<opcode="read(1150) " fcode="read"/>
<opset="network_weights_bias_121/1 "/>
</bind>
</comp>

<comp id="144" class="1004" name="network_weights_bias_122_read_fu_144">
<pin_list>
<pin id="145" dir="0" index="0" bw="32" slack="0"/>
<pin id="146" dir="0" index="1" bw="32" slack="0"/>
<pin id="147" dir="1" index="2" bw="32" slack="0"/>
</pin_list>
<bind>
<opcode="read(1150) " fcode="read"/>
<opset="network_weights_bias_122/1 "/>
</bind>
</comp>

<comp id="150" class="1004" name="network_weights_bias_123_read_fu_150">
<pin_list>
<pin id="151" dir="0" index="0" bw="32" slack="0"/>
<pin id="152" dir="0" index="1" bw="32" slack="0"/>
<pin id="153" dir="1" index="2" bw="32" slack="0"/>
</pin_list>
<bind>
<opcode="read(1150) " fcode="read"/>
<opset="network_weights_bias_123/1 "/>
</bind>
</comp>

<comp id="156" class="1004" name="network_weights_bias_124_read_fu_156">
<pin_list>
<pin id="157" dir="0" index="0" bw="32" slack="0"/>
<pin id="158" dir="0" index="1" bw="32" slack="0"/>
<pin id="159" dir="1" index="2" bw="32" slack="0"/>
</pin_list>
<bind>
<opcode="read(1150) " fcode="read"/>
<opset="network_weights_bias_124/1 "/>
</bind>
</comp>

<comp id="162" class="1004" name="network_weights_bias_125_read_fu_162">
<pin_list>
<pin id="163" dir="0" index="0" bw="32" slack="0"/>
<pin id="164" dir="0" index="1" bw="32" slack="0"/>
<pin id="165" dir="1" index="2" bw="32" slack="0"/>
</pin_list>
<bind>
<opcode="read(1150) " fcode="read"/>
<opset="network_weights_bias_125/1 "/>
</bind>
</comp>

<comp id="168" class="1004" name="network_weights_bias_126_read_fu_168">
<pin_list>
<pin id="169" dir="0" index="0" bw="32" slack="0"/>
<pin id="170" dir="0" index="1" bw="32" slack="0"/>
<pin id="171" dir="1" index="2" bw="32" slack="0"/>
</pin_list>
<bind>
<opcode="read(1150) " fcode="read"/>
<opset="network_weights_bias_126/1 "/>
</bind>
</comp>

<comp id="174" class="1004" name="network_weights_bias_127_read_fu_174">
<pin_list>
<pin id="175" dir="0" index="0" bw="32" slack="0"/>
<pin id="176" dir="0" index="1" bw="32" slack="0"/>
<pin id="177" dir="1" index="2" bw="32" slack="0"/>
</pin_list>
<bind>
<opcode="read(1150) " fcode="read"/>
<opset="network_weights_bias_127/1 "/>
</bind>
</comp>

<comp id="180" class="1004" name="network_weights_bias_128_read_fu_180">
<pin_list>
<pin id="181" dir="0" index="0" bw="32" slack="0"/>
<pin id="182" dir="0" index="1" bw="32" slack="0"/>
<pin id="183" dir="1" index="2" bw="32" slack="0"/>
</pin_list>
<bind>
<opcode="read(1150) " fcode="read"/>
<opset="network_weights_bias_128/1 "/>
</bind>
</comp>

<comp id="186" class="1004" name="network_weights_bias_129_read_fu_186">
<pin_list>
<pin id="187" dir="0" index="0" bw="32" slack="0"/>
<pin id="188" dir="0" index="1" bw="32" slack="0"/>
<pin id="189" dir="1" index="2" bw="32" slack="0"/>
</pin_list>
<bind>
<opcode="read(1150) " fcode="read"/>
<opset="network_weights_bias_129/1 "/>
</bind>
</comp>

<comp id="192" class="1004" name="network_weights_bias_130_read_fu_192">
<pin_list>
<pin id="193" dir="0" index="0" bw="32" slack="0"/>
<pin id="194" dir="0" index="1" bw="32" slack="0"/>
<pin id="195" dir="1" index="2" bw="32" slack="0"/>
</pin_list>
<bind>
<opcode="read(1150) " fcode="read"/>
<opset="network_weights_bias_130/1 "/>
</bind>
</comp>

<comp id="198" class="1004" name="network_weights_bias_131_read_fu_198">
<pin_list>
<pin id="199" dir="0" index="0" bw="32" slack="0"/>
<pin id="200" dir="0" index="1" bw="32" slack="0"/>
<pin id="201" dir="1" index="2" bw="32" slack="0"/>
</pin_list>
<bind>
<opcode="read(1150) " fcode="read"/>
<opset="network_weights_bias_131/1 "/>
</bind>
</comp>

<comp id="204" class="1004" name="network_weights_bias_132_read_fu_204">
<pin_list>
<pin id="205" dir="0" index="0" bw="32" slack="0"/>
<pin id="206" dir="0" index="1" bw="32" slack="0"/>
<pin id="207" dir="1" index="2" bw="32" slack="0"/>
</pin_list>
<bind>
<opcode="read(1150) " fcode="read"/>
<opset="network_weights_bias_132/1 "/>
</bind>
</comp>

<comp id="210" class="1004" name="network_weights_bias_133_read_fu_210">
<pin_list>
<pin id="211" dir="0" index="0" bw="32" slack="0"/>
<pin id="212" dir="0" index="1" bw="32" slack="0"/>
<pin id="213" dir="1" index="2" bw="32" slack="0"/>
</pin_list>
<bind>
<opcode="read(1150) " fcode="read"/>
<opset="network_weights_bias_133/1 "/>
</bind>
</comp>

<comp id="216" class="1004" name="network_weights_bias_134_read_fu_216">
<pin_list>
<pin id="217" dir="0" index="0" bw="32" slack="0"/>
<pin id="218" dir="0" index="1" bw="32" slack="0"/>
<pin id="219" dir="1" index="2" bw="32" slack="0"/>
</pin_list>
<bind>
<opcode="read(1150) " fcode="read"/>
<opset="network_weights_bias_134/1 "/>
</bind>
</comp>

<comp id="222" class="1004" name="network_weights_bias_135_read_fu_222">
<pin_list>
<pin id="223" dir="0" index="0" bw="32" slack="0"/>
<pin id="224" dir="0" index="1" bw="32" slack="0"/>
<pin id="225" dir="1" index="2" bw="32" slack="0"/>
</pin_list>
<bind>
<opcode="read(1150) " fcode="read"/>
<opset="network_weights_bias_135/1 "/>
</bind>
</comp>

<comp id="228" class="1004" name="network_weights_bias_136_read_fu_228">
<pin_list>
<pin id="229" dir="0" index="0" bw="32" slack="0"/>
<pin id="230" dir="0" index="1" bw="32" slack="0"/>
<pin id="231" dir="1" index="2" bw="32" slack="0"/>
</pin_list>
<bind>
<opcode="read(1150) " fcode="read"/>
<opset="network_weights_bias_136/1 "/>
</bind>
</comp>

<comp id="234" class="1004" name="network_weights_bias_137_read_fu_234">
<pin_list>
<pin id="235" dir="0" index="0" bw="32" slack="0"/>
<pin id="236" dir="0" index="1" bw="32" slack="0"/>
<pin id="237" dir="1" index="2" bw="32" slack="0"/>
</pin_list>
<bind>
<opcode="read(1150) " fcode="read"/>
<opset="network_weights_bias_137/1 "/>
</bind>
</comp>

<comp id="240" class="1004" name="network_weights_bias_138_read_fu_240">
<pin_list>
<pin id="241" dir="0" index="0" bw="32" slack="0"/>
<pin id="242" dir="0" index="1" bw="32" slack="0"/>
<pin id="243" dir="1" index="2" bw="32" slack="0"/>
</pin_list>
<bind>
<opcode="read(1150) " fcode="read"/>
<opset="network_weights_bias_138/1 "/>
</bind>
</comp>

<comp id="246" class="1004" name="network_weights_bias_139_read_fu_246">
<pin_list>
<pin id="247" dir="0" index="0" bw="32" slack="0"/>
<pin id="248" dir="0" index="1" bw="32" slack="0"/>
<pin id="249" dir="1" index="2" bw="32" slack="0"/>
</pin_list>
<bind>
<opcode="read(1150) " fcode="read"/>
<opset="network_weights_bias_139/1 "/>
</bind>
</comp>

<comp id="252" class="1004" name="network_weights_bias_140_read_fu_252">
<pin_list>
<pin id="253" dir="0" index="0" bw="32" slack="0"/>
<pin id="254" dir="0" index="1" bw="32" slack="0"/>
<pin id="255" dir="1" index="2" bw="32" slack="0"/>
</pin_list>
<bind>
<opcode="read(1150) " fcode="read"/>
<opset="network_weights_bias_140/1 "/>
</bind>
</comp>

<comp id="258" class="1004" name="network_weights_bias_141_read_fu_258">
<pin_list>
<pin id="259" dir="0" index="0" bw="32" slack="0"/>
<pin id="260" dir="0" index="1" bw="32" slack="0"/>
<pin id="261" dir="1" index="2" bw="32" slack="0"/>
</pin_list>
<bind>
<opcode="read(1150) " fcode="read"/>
<opset="network_weights_bias_141/1 "/>
</bind>
</comp>

<comp id="264" class="1004" name="network_weights_bias_142_read_fu_264">
<pin_list>
<pin id="265" dir="0" index="0" bw="32" slack="0"/>
<pin id="266" dir="0" index="1" bw="32" slack="0"/>
<pin id="267" dir="1" index="2" bw="32" slack="0"/>
</pin_list>
<bind>
<opcode="read(1150) " fcode="read"/>
<opset="network_weights_bias_142/1 "/>
</bind>
</comp>

<comp id="270" class="1004" name="trunc_ln33_fu_270">
<pin_list>
<pin id="271" dir="0" index="0" bw="5" slack="0"/>
<pin id="272" dir="1" index="1" bw="4" slack="0"/>
</pin_list>
<bind>
<opcode="trunc(33) " fcode="trunc"/>
<opset="trunc_ln33/1 "/>
</bind>
</comp>

<comp id="274" class="1004" name="tmp_fu_274">
<pin_list>
<pin id="275" dir="0" index="0" bw="32" slack="0"/>
<pin id="276" dir="0" index="1" bw="32" slack="0"/>
<pin id="277" dir="0" index="2" bw="32" slack="0"/>
<pin id="278" dir="0" index="3" bw="32" slack="0"/>
<pin id="279" dir="0" index="4" bw="32" slack="0"/>
<pin id="280" dir="0" index="5" bw="32" slack="0"/>
<pin id="281" dir="0" index="6" bw="32" slack="0"/>
<pin id="282" dir="0" index="7" bw="32" slack="0"/>
<pin id="283" dir="0" index="8" bw="32" slack="0"/>
<pin id="284" dir="0" index="9" bw="32" slack="0"/>
<pin id="285" dir="0" index="10" bw="32" slack="0"/>
<pin id="286" dir="0" index="11" bw="32" slack="0"/>
<pin id="287" dir="0" index="12" bw="32" slack="0"/>
<pin id="288" dir="0" index="13" bw="32" slack="0"/>
<pin id="289" dir="0" index="14" bw="32" slack="0"/>
<pin id="290" dir="0" index="15" bw="32" slack="0"/>
<pin id="291" dir="0" index="16" bw="32" slack="0"/>
<pin id="292" dir="0" index="17" bw="4" slack="0"/>
<pin id="293" dir="1" index="18" bw="32" slack="0"/>
</pin_list>
<bind>
<opcode="mux(1196) " fcode="mux"/>
<opset="tmp/1 "/>
</bind>
</comp>

<comp id="312" class="1004" name="trunc_ln36_fu_312">
<pin_list>
<pin id="313" dir="0" index="0" bw="5" slack="0"/>
<pin id="314" dir="1" index="1" bw="3" slack="0"/>
</pin_list>
<bind>
<opcode="trunc(33) " fcode="trunc"/>
<opset="trunc_ln36/1 "/>
</bind>
</comp>

<comp id="316" class="1004" name="tmp_4_fu_316">
<pin_list>
<pin id="317" dir="0" index="0" bw="32" slack="0"/>
<pin id="318" dir="0" index="1" bw="32" slack="0"/>
<pin id="319" dir="0" index="2" bw="32" slack="0"/>
<pin id="320" dir="0" index="3" bw="32" slack="0"/>
<pin id="321" dir="0" index="4" bw="32" slack="0"/>
<pin id="322" dir="0" index="5" bw="32" slack="0"/>
<pin id="323" dir="0" index="6" bw="32" slack="0"/>
<pin id="324" dir="0" index="7" bw="32" slack="0"/>
<pin id="325" dir="0" index="8" bw="32" slack="0"/>
<pin id="326" dir="0" index="9" bw="3" slack="0"/>
<pin id="327" dir="1" index="10" bw="32" slack="0"/>
</pin_list>
<bind>
<opcode="mux(1196) " fcode="mux"/>
<opset="tmp_4/1 "/>
</bind>
</comp>

<comp id="338" class="1004" name="trunc_ln39_fu_338">
<pin_list>
<pin id="339" dir="0" index="0" bw="5" slack="0"/>
<pin id="340" dir="1" index="1" bw="2" slack="0"/>
</pin_list>
<bind>
<opcode="trunc(33) " fcode="trunc"/>
<opset="trunc_ln39/1 "/>
</bind>
</comp>

<comp id="342" class="1004" name="tmp_5_fu_342">
<pin_list>
<pin id="343" dir="0" index="0" bw="32" slack="0"/>
<pin id="344" dir="0" index="1" bw="32" slack="0"/>
<pin id="345" dir="0" index="2" bw="32" slack="0"/>
<pin id="346" dir="0" index="3" bw="32" slack="0"/>
<pin id="347" dir="0" index="4" bw="32" slack="0"/>
<pin id="348" dir="0" index="5" bw="2" slack="0"/>
<pin id="349" dir="1" index="6" bw="32" slack="0"/>
</pin_list>
<bind>
<opcode="mux(1196) " fcode="mux"/>
<opset="tmp_5/1 "/>
</bind>
</comp>

<comp id="356" class="1004" name="trunc_ln30_fu_356">
<pin_list>
<pin id="357" dir="0" index="0" bw="4" slack="0"/>
<pin id="358" dir="1" index="1" bw="2" slack="0"/>
</pin_list>
<bind>
<opcode="trunc(33) " fcode="trunc"/>
<opset="trunc_ln30/1 "/>
</bind>
</comp>

<comp id="360" class="1004" name="icmp_ln30_fu_360">
<pin_list>
<pin id="361" dir="0" index="0" bw="2" slack="0"/>
<pin id="362" dir="0" index="1" bw="2" slack="0"/>
<pin id="363" dir="1" index="2" bw="1" slack="0"/>
</pin_list>
<bind>
<opcode="icmp(45) " fcode="icmp"/>
<opset="icmp_ln30/1 "/>
</bind>
</comp>

<comp id="366" class="1004" name="icmp_ln30_1_fu_366">
<pin_list>
<pin id="367" dir="0" index="0" bw="2" slack="0"/>
<pin id="368" dir="0" index="1" bw="2" slack="0"/>
<pin id="369" dir="1" index="2" bw="1" slack="0"/>
</pin_list>
<bind>
<opcode="icmp(45) " fcode="icmp"/>
<opset="icmp_ln30_1/1 "/>
</bind>
</comp>

<comp id="372" class="1004" name="icmp_ln30_2_fu_372">
<pin_list>
<pin id="373" dir="0" index="0" bw="2" slack="0"/>
<pin id="374" dir="0" index="1" bw="2" slack="0"/>
<pin id="375" dir="1" index="2" bw="1" slack="0"/>
</pin_list>
<bind>
<opcode="icmp(45) " fcode="icmp"/>
<opset="icmp_ln30_2/1 "/>
</bind>
</comp>

<comp id="378" class="1004" name="icmp_ln30_3_fu_378">
<pin_list>
<pin id="379" dir="0" index="0" bw="2" slack="0"/>
<pin id="380" dir="0" index="1" bw="2" slack="0"/>
<pin id="381" dir="1" index="2" bw="1" slack="0"/>
</pin_list>
<bind>
<opcode="icmp(45) " fcode="icmp"/>
<opset="icmp_ln30_3/1 "/>
</bind>
</comp>

<comp id="384" class="1004" name="select_ln30_fu_384">
<pin_list>
<pin id="385" dir="0" index="0" bw="1" slack="0"/>
<pin id="386" dir="0" index="1" bw="32" slack="0"/>
<pin id="387" dir="0" index="2" bw="32" slack="0"/>
<pin id="388" dir="1" index="3" bw="32" slack="0"/>
</pin_list>
<bind>
<opcode="select(49) " fcode="select"/>
<opset="select_ln30/1 "/>
</bind>
</comp>

<comp id="392" class="1004" name="or_ln30_fu_392">
<pin_list>
<pin id="393" dir="0" index="0" bw="1" slack="0"/>
<pin id="394" dir="0" index="1" bw="1" slack="0"/>
<pin id="395" dir="1" index="2" bw="1" slack="0"/>
</pin_list>
<bind>
<opcode="or(24) " fcode="or"/>
<opset="or_ln30/1 "/>
</bind>
</comp>

<comp id="398" class="1004" name="select_ln30_1_fu_398">
<pin_list>
<pin id="399" dir="0" index="0" bw="1" slack="0"/>
<pin id="400" dir="0" index="1" bw="32" slack="0"/>
<pin id="401" dir="0" index="2" bw="32" slack="0"/>
<pin id="402" dir="1" index="3" bw="32" slack="0"/>
</pin_list>
<bind>
<opcode="select(49) " fcode="select"/>
<opset="select_ln30_1/1 "/>
</bind>
</comp>

<comp id="406" class="1004" name="or_ln30_1_fu_406">
<pin_list>
<pin id="407" dir="0" index="0" bw="1" slack="0"/>
<pin id="408" dir="0" index="1" bw="1" slack="0"/>
<pin id="409" dir="1" index="2" bw="1" slack="0"/>
</pin_list>
<bind>
<opcode="or(24) " fcode="or"/>
<opset="or_ln30_1/1 "/>
</bind>
</comp>

<comp id="412" class="1004" name="select_ln30_2_fu_412">
<pin_list>
<pin id="413" dir="0" index="0" bw="1" slack="0"/>
<pin id="414" dir="0" index="1" bw="32" slack="0"/>
<pin id="415" dir="0" index="2" bw="32" slack="0"/>
<pin id="416" dir="1" index="3" bw="32" slack="0"/>
</pin_list>
<bind>
<opcode="select(49) " fcode="select"/>
<opset="select_ln30_2/1 "/>
</bind>
</comp>

<comp id="420" class="1004" name="or_ln30_2_fu_420">
<pin_list>
<pin id="421" dir="0" index="0" bw="1" slack="0"/>
<pin id="422" dir="0" index="1" bw="1" slack="0"/>
<pin id="423" dir="1" index="2" bw="1" slack="0"/>
</pin_list>
<bind>
<opcode="or(24) " fcode="or"/>
<opset="or_ln30_2/1 "/>
</bind>
</comp>

<comp id="426" class="1004" name="select_ln30_3_fu_426">
<pin_list>
<pin id="427" dir="0" index="0" bw="1" slack="0"/>
<pin id="428" dir="0" index="1" bw="32" slack="0"/>
<pin id="429" dir="0" index="2" bw="32" slack="0"/>
<pin id="430" dir="1" index="3" bw="32" slack="2147483647"/>
</pin_list>
<bind>
<opcode="select(49) " fcode="select"/>
<opset="select_ln30_3/1 "/>
</bind>
</comp>

</comp_list>

<net_list>
<net id="88"><net_src comp="62" pin="0"/><net_sink comp="84" pin=0"/></net>

<net id="89"><net_src comp="60" pin="0"/><net_sink comp="84" pin=1"/></net>

<net id="94"><net_src comp="64" pin="0"/><net_sink comp="90" pin=0"/></net>

<net id="95"><net_src comp="58" pin="0"/><net_sink comp="90" pin=1"/></net>

<net id="100"><net_src comp="66" pin="0"/><net_sink comp="96" pin=0"/></net>

<net id="101"><net_src comp="56" pin="0"/><net_sink comp="96" pin=1"/></net>

<net id="106"><net_src comp="66" pin="0"/><net_sink comp="102" pin=0"/></net>

<net id="107"><net_src comp="54" pin="0"/><net_sink comp="102" pin=1"/></net>

<net id="112"><net_src comp="66" pin="0"/><net_sink comp="108" pin=0"/></net>

<net id="113"><net_src comp="52" pin="0"/><net_sink comp="108" pin=1"/></net>

<net id="118"><net_src comp="66" pin="0"/><net_sink comp="114" pin=0"/></net>

<net id="119"><net_src comp="50" pin="0"/><net_sink comp="114" pin=1"/></net>

<net id="124"><net_src comp="66" pin="0"/><net_sink comp="120" pin=0"/></net>

<net id="125"><net_src comp="48" pin="0"/><net_sink comp="120" pin=1"/></net>

<net id="130"><net_src comp="66" pin="0"/><net_sink comp="126" pin=0"/></net>

<net id="131"><net_src comp="46" pin="0"/><net_sink comp="126" pin=1"/></net>

<net id="136"><net_src comp="66" pin="0"/><net_sink comp="132" pin=0"/></net>

<net id="137"><net_src comp="44" pin="0"/><net_sink comp="132" pin=1"/></net>

<net id="142"><net_src comp="66" pin="0"/><net_sink comp="138" pin=0"/></net>

<net id="143"><net_src comp="42" pin="0"/><net_sink comp="138" pin=1"/></net>

<net id="148"><net_src comp="66" pin="0"/><net_sink comp="144" pin=0"/></net>

<net id="149"><net_src comp="40" pin="0"/><net_sink comp="144" pin=1"/></net>

<net id="154"><net_src comp="66" pin="0"/><net_sink comp="150" pin=0"/></net>

<net id="155"><net_src comp="38" pin="0"/><net_sink comp="150" pin=1"/></net>

<net id="160"><net_src comp="66" pin="0"/><net_sink comp="156" pin=0"/></net>

<net id="161"><net_src comp="36" pin="0"/><net_sink comp="156" pin=1"/></net>

<net id="166"><net_src comp="66" pin="0"/><net_sink comp="162" pin=0"/></net>

<net id="167"><net_src comp="34" pin="0"/><net_sink comp="162" pin=1"/></net>

<net id="172"><net_src comp="66" pin="0"/><net_sink comp="168" pin=0"/></net>

<net id="173"><net_src comp="32" pin="0"/><net_sink comp="168" pin=1"/></net>

<net id="178"><net_src comp="66" pin="0"/><net_sink comp="174" pin=0"/></net>

<net id="179"><net_src comp="30" pin="0"/><net_sink comp="174" pin=1"/></net>

<net id="184"><net_src comp="66" pin="0"/><net_sink comp="180" pin=0"/></net>

<net id="185"><net_src comp="28" pin="0"/><net_sink comp="180" pin=1"/></net>

<net id="190"><net_src comp="66" pin="0"/><net_sink comp="186" pin=0"/></net>

<net id="191"><net_src comp="26" pin="0"/><net_sink comp="186" pin=1"/></net>

<net id="196"><net_src comp="66" pin="0"/><net_sink comp="192" pin=0"/></net>

<net id="197"><net_src comp="24" pin="0"/><net_sink comp="192" pin=1"/></net>

<net id="202"><net_src comp="66" pin="0"/><net_sink comp="198" pin=0"/></net>

<net id="203"><net_src comp="22" pin="0"/><net_sink comp="198" pin=1"/></net>

<net id="208"><net_src comp="66" pin="0"/><net_sink comp="204" pin=0"/></net>

<net id="209"><net_src comp="20" pin="0"/><net_sink comp="204" pin=1"/></net>

<net id="214"><net_src comp="66" pin="0"/><net_sink comp="210" pin=0"/></net>

<net id="215"><net_src comp="18" pin="0"/><net_sink comp="210" pin=1"/></net>

<net id="220"><net_src comp="66" pin="0"/><net_sink comp="216" pin=0"/></net>

<net id="221"><net_src comp="16" pin="0"/><net_sink comp="216" pin=1"/></net>

<net id="226"><net_src comp="66" pin="0"/><net_sink comp="222" pin=0"/></net>

<net id="227"><net_src comp="14" pin="0"/><net_sink comp="222" pin=1"/></net>

<net id="232"><net_src comp="66" pin="0"/><net_sink comp="228" pin=0"/></net>

<net id="233"><net_src comp="12" pin="0"/><net_sink comp="228" pin=1"/></net>

<net id="238"><net_src comp="66" pin="0"/><net_sink comp="234" pin=0"/></net>

<net id="239"><net_src comp="10" pin="0"/><net_sink comp="234" pin=1"/></net>

<net id="244"><net_src comp="66" pin="0"/><net_sink comp="240" pin=0"/></net>

<net id="245"><net_src comp="8" pin="0"/><net_sink comp="240" pin=1"/></net>

<net id="250"><net_src comp="66" pin="0"/><net_sink comp="246" pin=0"/></net>

<net id="251"><net_src comp="6" pin="0"/><net_sink comp="246" pin=1"/></net>

<net id="256"><net_src comp="66" pin="0"/><net_sink comp="252" pin=0"/></net>

<net id="257"><net_src comp="4" pin="0"/><net_sink comp="252" pin=1"/></net>

<net id="262"><net_src comp="66" pin="0"/><net_sink comp="258" pin=0"/></net>

<net id="263"><net_src comp="2" pin="0"/><net_sink comp="258" pin=1"/></net>

<net id="268"><net_src comp="66" pin="0"/><net_sink comp="264" pin=0"/></net>

<net id="269"><net_src comp="0" pin="0"/><net_sink comp="264" pin=1"/></net>

<net id="273"><net_src comp="84" pin="2"/><net_sink comp="270" pin=0"/></net>

<net id="294"><net_src comp="68" pin="0"/><net_sink comp="274" pin=0"/></net>

<net id="295"><net_src comp="264" pin="2"/><net_sink comp="274" pin=1"/></net>

<net id="296"><net_src comp="258" pin="2"/><net_sink comp="274" pin=2"/></net>

<net id="297"><net_src comp="252" pin="2"/><net_sink comp="274" pin=3"/></net>

<net id="298"><net_src comp="246" pin="2"/><net_sink comp="274" pin=4"/></net>

<net id="299"><net_src comp="240" pin="2"/><net_sink comp="274" pin=5"/></net>

<net id="300"><net_src comp="234" pin="2"/><net_sink comp="274" pin=6"/></net>

<net id="301"><net_src comp="228" pin="2"/><net_sink comp="274" pin=7"/></net>

<net id="302"><net_src comp="222" pin="2"/><net_sink comp="274" pin=8"/></net>

<net id="303"><net_src comp="216" pin="2"/><net_sink comp="274" pin=9"/></net>

<net id="304"><net_src comp="210" pin="2"/><net_sink comp="274" pin=10"/></net>

<net id="305"><net_src comp="204" pin="2"/><net_sink comp="274" pin=11"/></net>

<net id="306"><net_src comp="198" pin="2"/><net_sink comp="274" pin=12"/></net>

<net id="307"><net_src comp="192" pin="2"/><net_sink comp="274" pin=13"/></net>

<net id="308"><net_src comp="186" pin="2"/><net_sink comp="274" pin=14"/></net>

<net id="309"><net_src comp="180" pin="2"/><net_sink comp="274" pin=15"/></net>

<net id="310"><net_src comp="174" pin="2"/><net_sink comp="274" pin=16"/></net>

<net id="311"><net_src comp="270" pin="1"/><net_sink comp="274" pin=17"/></net>

<net id="315"><net_src comp="84" pin="2"/><net_sink comp="312" pin=0"/></net>

<net id="328"><net_src comp="70" pin="0"/><net_sink comp="316" pin=0"/></net>

<net id="329"><net_src comp="168" pin="2"/><net_sink comp="316" pin=1"/></net>

<net id="330"><net_src comp="162" pin="2"/><net_sink comp="316" pin=2"/></net>

<net id="331"><net_src comp="156" pin="2"/><net_sink comp="316" pin=3"/></net>

<net id="332"><net_src comp="150" pin="2"/><net_sink comp="316" pin=4"/></net>

<net id="333"><net_src comp="144" pin="2"/><net_sink comp="316" pin=5"/></net>

<net id="334"><net_src comp="138" pin="2"/><net_sink comp="316" pin=6"/></net>

<net id="335"><net_src comp="132" pin="2"/><net_sink comp="316" pin=7"/></net>

<net id="336"><net_src comp="126" pin="2"/><net_sink comp="316" pin=8"/></net>

<net id="337"><net_src comp="312" pin="1"/><net_sink comp="316" pin=9"/></net>

<net id="341"><net_src comp="84" pin="2"/><net_sink comp="338" pin=0"/></net>

<net id="350"><net_src comp="72" pin="0"/><net_sink comp="342" pin=0"/></net>

<net id="351"><net_src comp="120" pin="2"/><net_sink comp="342" pin=1"/></net>

<net id="352"><net_src comp="114" pin="2"/><net_sink comp="342" pin=2"/></net>

<net id="353"><net_src comp="108" pin="2"/><net_sink comp="342" pin=3"/></net>

<net id="354"><net_src comp="102" pin="2"/><net_sink comp="342" pin=4"/></net>

<net id="355"><net_src comp="338" pin="1"/><net_sink comp="342" pin=5"/></net>

<net id="359"><net_src comp="90" pin="2"/><net_sink comp="356" pin=0"/></net>

<net id="364"><net_src comp="356" pin="1"/><net_sink comp="360" pin=0"/></net>

<net id="365"><net_src comp="74" pin="0"/><net_sink comp="360" pin=1"/></net>

<net id="370"><net_src comp="356" pin="1"/><net_sink comp="366" pin=0"/></net>

<net id="371"><net_src comp="76" pin="0"/><net_sink comp="366" pin=1"/></net>

<net id="376"><net_src comp="356" pin="1"/><net_sink comp="372" pin=0"/></net>

<net id="377"><net_src comp="78" pin="0"/><net_sink comp="372" pin=1"/></net>

<net id="382"><net_src comp="356" pin="1"/><net_sink comp="378" pin=0"/></net>

<net id="383"><net_src comp="80" pin="0"/><net_sink comp="378" pin=1"/></net>

<net id="389"><net_src comp="378" pin="2"/><net_sink comp="384" pin=0"/></net>

<net id="390"><net_src comp="274" pin="18"/><net_sink comp="384" pin=1"/></net>

<net id="391"><net_src comp="316" pin="10"/><net_sink comp="384" pin=2"/></net>

<net id="396"><net_src comp="378" pin="2"/><net_sink comp="392" pin=0"/></net>

<net id="397"><net_src comp="372" pin="2"/><net_sink comp="392" pin=1"/></net>

<net id="403"><net_src comp="366" pin="2"/><net_sink comp="398" pin=0"/></net>

<net id="404"><net_src comp="342" pin="6"/><net_sink comp="398" pin=1"/></net>

<net id="405"><net_src comp="96" pin="2"/><net_sink comp="398" pin=2"/></net>

<net id="410"><net_src comp="366" pin="2"/><net_sink comp="406" pin=0"/></net>

<net id="411"><net_src comp="360" pin="2"/><net_sink comp="406" pin=1"/></net>

<net id="417"><net_src comp="392" pin="2"/><net_sink comp="412" pin=0"/></net>

<net id="418"><net_src comp="384" pin="3"/><net_sink comp="412" pin=1"/></net>

<net id="419"><net_src comp="398" pin="3"/><net_sink comp="412" pin=2"/></net>

<net id="424"><net_src comp="392" pin="2"/><net_sink comp="420" pin=0"/></net>

<net id="425"><net_src comp="406" pin="2"/><net_sink comp="420" pin=1"/></net>

<net id="431"><net_src comp="420" pin="2"/><net_sink comp="426" pin=0"/></net>

<net id="432"><net_src comp="412" pin="3"/><net_sink comp="426" pin=1"/></net>

<net id="433"><net_src comp="82" pin="0"/><net_sink comp="426" pin=2"/></net>

</net_list>

</model> 
---------------- Datapath Model END ------------------

* FSMD analyzer results:
  - Output states:
 - Input state : 
	Port: getBias : network_weights_bias | {1 }
	Port: getBias : network_weights_bias_86 | {1 }
	Port: getBias : network_weights_bias_87 | {1 }
	Port: getBias : network_weights_bias_88 | {1 }
	Port: getBias : network_weights_bias_89 | {1 }
	Port: getBias : network_weights_bias_90 | {1 }
	Port: getBias : network_weights_bias_91 | {1 }
	Port: getBias : network_weights_bias_92 | {1 }
	Port: getBias : network_weights_bias_93 | {1 }
	Port: getBias : network_weights_bias_94 | {1 }
	Port: getBias : network_weights_bias_95 | {1 }
	Port: getBias : network_weights_bias_96 | {1 }
	Port: getBias : network_weights_bias_97 | {1 }
	Port: getBias : network_weights_bias_98 | {1 }
	Port: getBias : network_weights_bias_99 | {1 }
	Port: getBias : network_weights_bias_100 | {1 }
	Port: getBias : network_weights_bias_101 | {1 }
	Port: getBias : network_weights_bias_102 | {1 }
	Port: getBias : network_weights_bias_103 | {1 }
	Port: getBias : network_weights_bias_104 | {1 }
	Port: getBias : network_weights_bias_105 | {1 }
	Port: getBias : network_weights_bias_106 | {1 }
	Port: getBias : network_weights_bias_107 | {1 }
	Port: getBias : network_weights_bias_108 | {1 }
	Port: getBias : network_weights_bias_109 | {1 }
	Port: getBias : network_weights_bias_110 | {1 }
	Port: getBias : network_weights_bias_111 | {1 }
	Port: getBias : network_weights_bias_112 | {1 }
	Port: getBias : network_weights_bias_113 | {1 }
	Port: getBias : layer | {1 }
	Port: getBias : index | {1 }
  - Chain level:
	State 1
		tmp : 1
		tmp_4 : 1
		tmp_5 : 1
		icmp_ln30 : 1
		icmp_ln30_1 : 1
		icmp_ln30_2 : 1
		icmp_ln30_3 : 1
		select_ln30 : 2
		or_ln30 : 2
		select_ln30_1 : 2
		or_ln30_1 : 2
		select_ln30_2 : 2
		or_ln30_2 : 2
		select_ln30_3 : 2
		ret_ln47 : 3


============================================================
+ Verbose Summary: Datapath Resource usage 
============================================================

* Functional unit list:
|----------|--------------------------------------|---------|---------|
| Operation|            Functional Unit           |    FF   |   LUT   |
|----------|--------------------------------------|---------|---------|
|          |          select_ln30_fu_384          |    0    |    32   |
|  select  |         select_ln30_1_fu_398         |    0    |    32   |
|          |         select_ln30_2_fu_412         |    0    |    32   |
|          |         select_ln30_3_fu_426         |    0    |    32   |
|----------|--------------------------------------|---------|---------|
|          |              tmp_fu_274              |    0    |    21   |
|    mux   |             tmp_4_fu_316             |    0    |    21   |
|          |             tmp_5_fu_342             |    0    |    21   |
|----------|--------------------------------------|---------|---------|
|          |           icmp_ln30_fu_360           |    0    |    8    |
|   icmp   |          icmp_ln30_1_fu_366          |    0    |    8    |
|          |          icmp_ln30_2_fu_372          |    0    |    8    |
|          |          icmp_ln30_3_fu_378          |    0    |    8    |
|----------|--------------------------------------|---------|---------|
|          |            or_ln30_fu_392            |    0    |    2    |
|    or    |           or_ln30_1_fu_406           |    0    |    2    |
|          |           or_ln30_2_fu_420           |    0    |    2    |
|----------|--------------------------------------|---------|---------|
|          |         index_read_read_fu_84        |    0    |    0    |
|          |         layer_read_read_fu_90        |    0    |    0    |
|          |  network_weights_bias_114_read_fu_96 |    0    |    0    |
|          | network_weights_bias_115_read_fu_102 |    0    |    0    |
|          | network_weights_bias_116_read_fu_108 |    0    |    0    |
|          | network_weights_bias_117_read_fu_114 |    0    |    0    |
|          | network_weights_bias_118_read_fu_120 |    0    |    0    |
|          | network_weights_bias_119_read_fu_126 |    0    |    0    |
|          | network_weights_bias_120_read_fu_132 |    0    |    0    |
|          | network_weights_bias_121_read_fu_138 |    0    |    0    |
|          | network_weights_bias_122_read_fu_144 |    0    |    0    |
|          | network_weights_bias_123_read_fu_150 |    0    |    0    |
|          | network_weights_bias_124_read_fu_156 |    0    |    0    |
|          | network_weights_bias_125_read_fu_162 |    0    |    0    |
|          | network_weights_bias_126_read_fu_168 |    0    |    0    |
|   read   | network_weights_bias_127_read_fu_174 |    0    |    0    |
|          | network_weights_bias_128_read_fu_180 |    0    |    0    |
|          | network_weights_bias_129_read_fu_186 |    0    |    0    |
|          | network_weights_bias_130_read_fu_192 |    0    |    0    |
|          | network_weights_bias_131_read_fu_198 |    0    |    0    |
|          | network_weights_bias_132_read_fu_204 |    0    |    0    |
|          | network_weights_bias_133_read_fu_210 |    0    |    0    |
|          | network_weights_bias_134_read_fu_216 |    0    |    0    |
|          | network_weights_bias_135_read_fu_222 |    0    |    0    |
|          | network_weights_bias_136_read_fu_228 |    0    |    0    |
|          | network_weights_bias_137_read_fu_234 |    0    |    0    |
|          | network_weights_bias_138_read_fu_240 |    0    |    0    |
|          | network_weights_bias_139_read_fu_246 |    0    |    0    |
|          | network_weights_bias_140_read_fu_252 |    0    |    0    |
|          | network_weights_bias_141_read_fu_258 |    0    |    0    |
|          | network_weights_bias_142_read_fu_264 |    0    |    0    |
|----------|--------------------------------------|---------|---------|
|          |           trunc_ln33_fu_270          |    0    |    0    |
|   trunc  |           trunc_ln36_fu_312          |    0    |    0    |
|          |           trunc_ln39_fu_338          |    0    |    0    |
|          |           trunc_ln30_fu_356          |    0    |    0    |
|----------|--------------------------------------|---------|---------|
|   Total  |                                      |    0    |   229   |
|----------|--------------------------------------|---------|---------|

Memories:
N/A

* Register list:
N/A

* Multiplexer (MUX) list: 
|--------|------|------|------|--------|
|  Comp  |  Pin | Size |  BW  | S x BW |
|--------|------|------|------|--------|
|  Total |      |      |      |    0   |
|--------|------|------|------|--------|



* Summary:
+-----------+--------+--------+
|           |   FF   |   LUT  |
+-----------+--------+--------+
|  Function |    0   |   229  |
|   Memory  |    -   |    -   |
|Multiplexer|    -   |    -   |
|  Register |    -   |    -   |
+-----------+--------+--------+
|   Total   |    0   |   229  |
+-----------+--------+--------+
