

================================================================
== Vivado HLS Report for 'getBias'
================================================================
* Date:           Fri Aug 28 10:09:32 2020

* Version:        2019.2 (Build 2704478 on Wed Nov 06 22:10:23 MST 2019)
* Project:        network
* Solution:       solution1
* Product family: virtex7
* Target device:  xc7vx485t-ffg1157-1


================================================================
== Performance Estimates
================================================================
+ Timing: 
    * Summary: 
    +--------+---------+----------+------------+
    |  Clock |  Target | Estimated| Uncertainty|
    +--------+---------+----------+------------+
    |ap_clk  | 0.10 us | 3.107 ns |  12.50 ns  |
    +--------+---------+----------+------------+

+ Latency: 
    * Summary: 
    +---------+---------+----------+----------+-----+-----+----------+
    |  Latency (cycles) |  Latency (absolute) |  Interval | Pipeline |
    |   min   |   max   |    min   |    max   | min | max |   Type   |
    +---------+---------+----------+----------+-----+-----+----------+
    |        0|        0|   0 ns   |   0 ns   |    1|    1| function |
    +---------+---------+----------+----------+-----+-----+----------+

    + Detail: 
        * Instance: 
        N/A

        * Loop: 
        N/A

============================================================
+ Verbose Summary: Synthesis Manager
============================================================
InlineROM: 1
ExposeGlobal: 0
============================================================
+ Verbose Summary: CDFG Model
============================================================
IsTopModel: 0
ResetActiveHigh: 1
IsCombinational: 0
IsDatapathOnly: 0
HasWiredReturn: 1
HasMFsm: 2
HasVarLatency: 0
IsPipeline: 1
IsRtlPipelined: 0
IsInstanceOverlapped: 0
IsDontTouch: 0
HasImplIP: 0
IsGatedGlobalClock: 0

+ Individual pipeline summary: 
  * Pipeline-0: initiation interval (II) = 1, depth = 1


============================================================
+ Verbose Summary: Schedule
============================================================
* Number of FSM states : 1
* Pipeline : 1
  Pipeline-0 : II = 1, D = 1, States = { 1 }
* Dataflow Pipeline: 0

* FSM state transitions: 
1 --> 

* FSM state operations: 

State 1 <SV = 0> <Delay = 3.10>
ST_1 : Operation 2 [1/1] (0.00ns)   --->   "%index_read = call i5 @_ssdm_op_Read.ap_auto.i5(i5 %index)" [network/network_top.cpp:28]   --->   Operation 2 'read' 'index_read' <Predicate = true> <Delay = 0.00>
ST_1 : Operation 3 [1/1] (0.00ns)   --->   "%layer_read = call i4 @_ssdm_op_Read.ap_auto.i4(i4 %layer)" [network/network_top.cpp:28]   --->   Operation 3 'read' 'layer_read' <Predicate = true> <Delay = 0.00>
ST_1 : Operation 4 [1/1] (0.00ns)   --->   "%network_weights_bias_114 = call i32 @_ssdm_op_Read.ap_auto.i32(i32 %network_weights_bias_113)" [network/network_top.cpp:28]   --->   Operation 4 'read' 'network_weights_bias_114' <Predicate = true> <Delay = 0.00>
ST_1 : Operation 5 [1/1] (0.00ns)   --->   "%network_weights_bias_115 = call i32 @_ssdm_op_Read.ap_auto.i32(i32 %network_weights_bias_112)" [network/network_top.cpp:28]   --->   Operation 5 'read' 'network_weights_bias_115' <Predicate = true> <Delay = 0.00>
ST_1 : Operation 6 [1/1] (0.00ns)   --->   "%network_weights_bias_116 = call i32 @_ssdm_op_Read.ap_auto.i32(i32 %network_weights_bias_111)" [network/network_top.cpp:28]   --->   Operation 6 'read' 'network_weights_bias_116' <Predicate = true> <Delay = 0.00>
ST_1 : Operation 7 [1/1] (0.00ns)   --->   "%network_weights_bias_117 = call i32 @_ssdm_op_Read.ap_auto.i32(i32 %network_weights_bias_110)" [network/network_top.cpp:28]   --->   Operation 7 'read' 'network_weights_bias_117' <Predicate = true> <Delay = 0.00>
ST_1 : Operation 8 [1/1] (0.00ns)   --->   "%network_weights_bias_118 = call i32 @_ssdm_op_Read.ap_auto.i32(i32 %network_weights_bias_109)" [network/network_top.cpp:28]   --->   Operation 8 'read' 'network_weights_bias_118' <Predicate = true> <Delay = 0.00>
ST_1 : Operation 9 [1/1] (0.00ns)   --->   "%network_weights_bias_119 = call i32 @_ssdm_op_Read.ap_auto.i32(i32 %network_weights_bias_108)" [network/network_top.cpp:28]   --->   Operation 9 'read' 'network_weights_bias_119' <Predicate = true> <Delay = 0.00>
ST_1 : Operation 10 [1/1] (0.00ns)   --->   "%network_weights_bias_120 = call i32 @_ssdm_op_Read.ap_auto.i32(i32 %network_weights_bias_107)" [network/network_top.cpp:28]   --->   Operation 10 'read' 'network_weights_bias_120' <Predicate = true> <Delay = 0.00>
ST_1 : Operation 11 [1/1] (0.00ns)   --->   "%network_weights_bias_121 = call i32 @_ssdm_op_Read.ap_auto.i32(i32 %network_weights_bias_106)" [network/network_top.cpp:28]   --->   Operation 11 'read' 'network_weights_bias_121' <Predicate = true> <Delay = 0.00>
ST_1 : Operation 12 [1/1] (0.00ns)   --->   "%network_weights_bias_122 = call i32 @_ssdm_op_Read.ap_auto.i32(i32 %network_weights_bias_105)" [network/network_top.cpp:28]   --->   Operation 12 'read' 'network_weights_bias_122' <Predicate = true> <Delay = 0.00>
ST_1 : Operation 13 [1/1] (0.00ns)   --->   "%network_weights_bias_123 = call i32 @_ssdm_op_Read.ap_auto.i32(i32 %network_weights_bias_104)" [network/network_top.cpp:28]   --->   Operation 13 'read' 'network_weights_bias_123' <Predicate = true> <Delay = 0.00>
ST_1 : Operation 14 [1/1] (0.00ns)   --->   "%network_weights_bias_124 = call i32 @_ssdm_op_Read.ap_auto.i32(i32 %network_weights_bias_103)" [network/network_top.cpp:28]   --->   Operation 14 'read' 'network_weights_bias_124' <Predicate = true> <Delay = 0.00>
ST_1 : Operation 15 [1/1] (0.00ns)   --->   "%network_weights_bias_125 = call i32 @_ssdm_op_Read.ap_auto.i32(i32 %network_weights_bias_102)" [network/network_top.cpp:28]   --->   Operation 15 'read' 'network_weights_bias_125' <Predicate = true> <Delay = 0.00>
ST_1 : Operation 16 [1/1] (0.00ns)   --->   "%network_weights_bias_126 = call i32 @_ssdm_op_Read.ap_auto.i32(i32 %network_weights_bias_101)" [network/network_top.cpp:28]   --->   Operation 16 'read' 'network_weights_bias_126' <Predicate = true> <Delay = 0.00>
ST_1 : Operation 17 [1/1] (0.00ns)   --->   "%network_weights_bias_127 = call i32 @_ssdm_op_Read.ap_auto.i32(i32 %network_weights_bias_100)" [network/network_top.cpp:28]   --->   Operation 17 'read' 'network_weights_bias_127' <Predicate = true> <Delay = 0.00>
ST_1 : Operation 18 [1/1] (0.00ns)   --->   "%network_weights_bias_128 = call i32 @_ssdm_op_Read.ap_auto.i32(i32 %network_weights_bias_99)" [network/network_top.cpp:28]   --->   Operation 18 'read' 'network_weights_bias_128' <Predicate = true> <Delay = 0.00>
ST_1 : Operation 19 [1/1] (0.00ns)   --->   "%network_weights_bias_129 = call i32 @_ssdm_op_Read.ap_auto.i32(i32 %network_weights_bias_98)" [network/network_top.cpp:28]   --->   Operation 19 'read' 'network_weights_bias_129' <Predicate = true> <Delay = 0.00>
ST_1 : Operation 20 [1/1] (0.00ns)   --->   "%network_weights_bias_130 = call i32 @_ssdm_op_Read.ap_auto.i32(i32 %network_weights_bias_97)" [network/network_top.cpp:28]   --->   Operation 20 'read' 'network_weights_bias_130' <Predicate = true> <Delay = 0.00>
ST_1 : Operation 21 [1/1] (0.00ns)   --->   "%network_weights_bias_131 = call i32 @_ssdm_op_Read.ap_auto.i32(i32 %network_weights_bias_96)" [network/network_top.cpp:28]   --->   Operation 21 'read' 'network_weights_bias_131' <Predicate = true> <Delay = 0.00>
ST_1 : Operation 22 [1/1] (0.00ns)   --->   "%network_weights_bias_132 = call i32 @_ssdm_op_Read.ap_auto.i32(i32 %network_weights_bias_95)" [network/network_top.cpp:28]   --->   Operation 22 'read' 'network_weights_bias_132' <Predicate = true> <Delay = 0.00>
ST_1 : Operation 23 [1/1] (0.00ns)   --->   "%network_weights_bias_133 = call i32 @_ssdm_op_Read.ap_auto.i32(i32 %network_weights_bias_94)" [network/network_top.cpp:28]   --->   Operation 23 'read' 'network_weights_bias_133' <Predicate = true> <Delay = 0.00>
ST_1 : Operation 24 [1/1] (0.00ns)   --->   "%network_weights_bias_134 = call i32 @_ssdm_op_Read.ap_auto.i32(i32 %network_weights_bias_93)" [network/network_top.cpp:28]   --->   Operation 24 'read' 'network_weights_bias_134' <Predicate = true> <Delay = 0.00>
ST_1 : Operation 25 [1/1] (0.00ns)   --->   "%network_weights_bias_135 = call i32 @_ssdm_op_Read.ap_auto.i32(i32 %network_weights_bias_92)" [network/network_top.cpp:28]   --->   Operation 25 'read' 'network_weights_bias_135' <Predicate = true> <Delay = 0.00>
ST_1 : Operation 26 [1/1] (0.00ns)   --->   "%network_weights_bias_136 = call i32 @_ssdm_op_Read.ap_auto.i32(i32 %network_weights_bias_91)" [network/network_top.cpp:28]   --->   Operation 26 'read' 'network_weights_bias_136' <Predicate = true> <Delay = 0.00>
ST_1 : Operation 27 [1/1] (0.00ns)   --->   "%network_weights_bias_137 = call i32 @_ssdm_op_Read.ap_auto.i32(i32 %network_weights_bias_90)" [network/network_top.cpp:28]   --->   Operation 27 'read' 'network_weights_bias_137' <Predicate = true> <Delay = 0.00>
ST_1 : Operation 28 [1/1] (0.00ns)   --->   "%network_weights_bias_138 = call i32 @_ssdm_op_Read.ap_auto.i32(i32 %network_weights_bias_89)" [network/network_top.cpp:28]   --->   Operation 28 'read' 'network_weights_bias_138' <Predicate = true> <Delay = 0.00>
ST_1 : Operation 29 [1/1] (0.00ns)   --->   "%network_weights_bias_139 = call i32 @_ssdm_op_Read.ap_auto.i32(i32 %network_weights_bias_88)" [network/network_top.cpp:28]   --->   Operation 29 'read' 'network_weights_bias_139' <Predicate = true> <Delay = 0.00>
ST_1 : Operation 30 [1/1] (0.00ns)   --->   "%network_weights_bias_140 = call i32 @_ssdm_op_Read.ap_auto.i32(i32 %network_weights_bias_87)" [network/network_top.cpp:28]   --->   Operation 30 'read' 'network_weights_bias_140' <Predicate = true> <Delay = 0.00>
ST_1 : Operation 31 [1/1] (0.00ns)   --->   "%network_weights_bias_141 = call i32 @_ssdm_op_Read.ap_auto.i32(i32 %network_weights_bias_86)" [network/network_top.cpp:28]   --->   Operation 31 'read' 'network_weights_bias_141' <Predicate = true> <Delay = 0.00>
ST_1 : Operation 32 [1/1] (0.00ns)   --->   "%network_weights_bias_142 = call i32 @_ssdm_op_Read.ap_auto.i32(i32 %network_weights_bias)" [network/network_top.cpp:28]   --->   Operation 32 'read' 'network_weights_bias_142' <Predicate = true> <Delay = 0.00>
ST_1 : Operation 33 [1/1] (0.00ns)   --->   "%trunc_ln33 = trunc i5 %index_read to i4" [network/network_top.cpp:33]   --->   Operation 33 'trunc' 'trunc_ln33' <Predicate = (icmp_ln30_3 & or_ln30 & or_ln30_2)> <Delay = 0.00>
ST_1 : Operation 34 [1/1] (1.28ns)   --->   "%tmp = call i32 @_ssdm_op_Mux.ap_auto.16i32.i4(i32 %network_weights_bias_142, i32 %network_weights_bias_141, i32 %network_weights_bias_140, i32 %network_weights_bias_139, i32 %network_weights_bias_138, i32 %network_weights_bias_137, i32 %network_weights_bias_136, i32 %network_weights_bias_135, i32 %network_weights_bias_134, i32 %network_weights_bias_133, i32 %network_weights_bias_132, i32 %network_weights_bias_131, i32 %network_weights_bias_130, i32 %network_weights_bias_129, i32 %network_weights_bias_128, i32 %network_weights_bias_127, i4 %trunc_ln33)" [network/network_top.cpp:33]   --->   Operation 34 'mux' 'tmp' <Predicate = (icmp_ln30_3 & or_ln30 & or_ln30_2)> <Delay = 1.28> <Core = "MuxnS">   --->   Core 31 'MuxnS' <Latency = 0> <II = 1> <Delay = 1.26> <FuncUnit> <Opcode : 'mux'> <InPorts = 2> <OutPorts = 1>
ST_1 : Operation 35 [1/1] (0.00ns)   --->   "%trunc_ln36 = trunc i5 %index_read to i3" [network/network_top.cpp:36]   --->   Operation 35 'trunc' 'trunc_ln36' <Predicate = (!icmp_ln30_3 & or_ln30 & or_ln30_2)> <Delay = 0.00>
ST_1 : Operation 36 [1/1] (1.45ns)   --->   "%tmp_4 = call i32 @_ssdm_op_Mux.ap_auto.8i32.i3(i32 %network_weights_bias_126, i32 %network_weights_bias_125, i32 %network_weights_bias_124, i32 %network_weights_bias_123, i32 %network_weights_bias_122, i32 %network_weights_bias_121, i32 %network_weights_bias_120, i32 %network_weights_bias_119, i3 %trunc_ln36)" [network/network_top.cpp:36]   --->   Operation 36 'mux' 'tmp_4' <Predicate = (!icmp_ln30_3 & or_ln30 & or_ln30_2)> <Delay = 1.45> <Core = "MuxnS">   --->   Core 31 'MuxnS' <Latency = 0> <II = 1> <Delay = 1.26> <FuncUnit> <Opcode : 'mux'> <InPorts = 2> <OutPorts = 1>
ST_1 : Operation 37 [1/1] (0.00ns)   --->   "%trunc_ln39 = trunc i5 %index_read to i2" [network/network_top.cpp:39]   --->   Operation 37 'trunc' 'trunc_ln39' <Predicate = (icmp_ln30_1 & !or_ln30 & or_ln30_2)> <Delay = 0.00>
ST_1 : Operation 38 [1/1] (1.26ns)   --->   "%tmp_5 = call i32 @_ssdm_op_Mux.ap_auto.4i32.i2(i32 %network_weights_bias_118, i32 %network_weights_bias_117, i32 %network_weights_bias_116, i32 %network_weights_bias_115, i2 %trunc_ln39)" [network/network_top.cpp:39]   --->   Operation 38 'mux' 'tmp_5' <Predicate = (icmp_ln30_1 & !or_ln30 & or_ln30_2)> <Delay = 1.26> <Core = "MuxnS">   --->   Core 31 'MuxnS' <Latency = 0> <II = 1> <Delay = 1.26> <FuncUnit> <Opcode : 'mux'> <InPorts = 2> <OutPorts = 1>
ST_1 : Operation 39 [1/1] (0.00ns)   --->   "%trunc_ln30 = trunc i4 %layer_read to i2" [network/network_top.cpp:30]   --->   Operation 39 'trunc' 'trunc_ln30' <Predicate = true> <Delay = 0.00>
ST_1 : Operation 40 [1/1] (0.61ns)   --->   "%icmp_ln30 = icmp eq i2 %trunc_ln30, -1" [network/network_top.cpp:30]   --->   Operation 40 'icmp' 'icmp_ln30' <Predicate = true> <Delay = 0.61> <Core = "Cmp">   --->   Core 25 'Cmp' <Latency = 0> <II = 1> <Delay = 0.61> <FuncUnit> <Opcode : 'icmp'> <InPorts = 2> <OutPorts = 1>
ST_1 : Operation 41 [1/1] (0.61ns)   --->   "%icmp_ln30_1 = icmp eq i2 %trunc_ln30, -2" [network/network_top.cpp:30]   --->   Operation 41 'icmp' 'icmp_ln30_1' <Predicate = true> <Delay = 0.61> <Core = "Cmp">   --->   Core 25 'Cmp' <Latency = 0> <II = 1> <Delay = 0.61> <FuncUnit> <Opcode : 'icmp'> <InPorts = 2> <OutPorts = 1>
ST_1 : Operation 42 [1/1] (0.61ns)   --->   "%icmp_ln30_2 = icmp eq i2 %trunc_ln30, 1" [network/network_top.cpp:30]   --->   Operation 42 'icmp' 'icmp_ln30_2' <Predicate = true> <Delay = 0.61> <Core = "Cmp">   --->   Core 25 'Cmp' <Latency = 0> <II = 1> <Delay = 0.61> <FuncUnit> <Opcode : 'icmp'> <InPorts = 2> <OutPorts = 1>
ST_1 : Operation 43 [1/1] (0.61ns)   --->   "%icmp_ln30_3 = icmp eq i2 %trunc_ln30, 0" [network/network_top.cpp:30]   --->   Operation 43 'icmp' 'icmp_ln30_3' <Predicate = true> <Delay = 0.61> <Core = "Cmp">   --->   Core 25 'Cmp' <Latency = 0> <II = 1> <Delay = 0.61> <FuncUnit> <Opcode : 'icmp'> <InPorts = 2> <OutPorts = 1>
ST_1 : Operation 44 [1/1] (0.00ns) (grouped into LUT with out node select_ln30_2)   --->   "%select_ln30 = select i1 %icmp_ln30_3, i32 %tmp, i32 %tmp_4" [network/network_top.cpp:30]   --->   Operation 44 'select' 'select_ln30' <Predicate = (or_ln30 & or_ln30_2)> <Delay = 0.00> <Core = "Sel">   --->   Core 26 'Sel' <Latency = 0> <II = 1> <Delay = 0.61> <FuncUnit> <Opcode : 'select'> <InPorts = 3> <OutPorts = 1>
ST_1 : Operation 45 [1/1] (0.61ns)   --->   "%or_ln30 = or i1 %icmp_ln30_3, %icmp_ln30_2" [network/network_top.cpp:30]   --->   Operation 45 'or' 'or_ln30' <Predicate = true> <Delay = 0.61> <Core = "LogicGate">   --->   Core 27 'LogicGate' <Latency = 0> <II = 1> <Delay = 0.61> <FuncUnit> <Opcode : 'and' 'or' 'xor'> <InPorts = 2> <OutPorts = 1>
ST_1 : Operation 46 [1/1] (0.61ns) (out node of the LUT)   --->   "%select_ln30_1 = select i1 %icmp_ln30_1, i32 %tmp_5, i32 %network_weights_bias_114" [network/network_top.cpp:30]   --->   Operation 46 'select' 'select_ln30_1' <Predicate = (!or_ln30 & or_ln30_2)> <Delay = 0.61> <Core = "Sel">   --->   Core 26 'Sel' <Latency = 0> <II = 1> <Delay = 0.61> <FuncUnit> <Opcode : 'select'> <InPorts = 3> <OutPorts = 1>
ST_1 : Operation 47 [1/1] (0.00ns) (grouped into LUT with out node select_ln30_3)   --->   "%or_ln30_1 = or i1 %icmp_ln30_1, %icmp_ln30" [network/network_top.cpp:30]   --->   Operation 47 'or' 'or_ln30_1' <Predicate = true> <Delay = 0.00> <Core = "LogicGate">   --->   Core 27 'LogicGate' <Latency = 0> <II = 1> <Delay = 0.61> <FuncUnit> <Opcode : 'and' 'or' 'xor'> <InPorts = 2> <OutPorts = 1>
ST_1 : Operation 48 [1/1] (0.61ns) (out node of the LUT)   --->   "%select_ln30_2 = select i1 %or_ln30, i32 %select_ln30, i32 %select_ln30_1" [network/network_top.cpp:30]   --->   Operation 48 'select' 'select_ln30_2' <Predicate = (or_ln30_2)> <Delay = 0.61> <Core = "Sel">   --->   Core 26 'Sel' <Latency = 0> <II = 1> <Delay = 0.61> <FuncUnit> <Opcode : 'select'> <InPorts = 3> <OutPorts = 1>
ST_1 : Operation 49 [1/1] (0.00ns) (grouped into LUT with out node select_ln30_3)   --->   "%or_ln30_2 = or i1 %or_ln30, %or_ln30_1" [network/network_top.cpp:30]   --->   Operation 49 'or' 'or_ln30_2' <Predicate = true> <Delay = 0.00> <Core = "LogicGate">   --->   Core 27 'LogicGate' <Latency = 0> <II = 1> <Delay = 0.61> <FuncUnit> <Opcode : 'and' 'or' 'xor'> <InPorts = 2> <OutPorts = 1>
ST_1 : Operation 50 [1/1] (0.61ns) (out node of the LUT)   --->   "%select_ln30_3 = select i1 %or_ln30_2, i32 %select_ln30_2, i32 0" [network/network_top.cpp:30]   --->   Operation 50 'select' 'select_ln30_3' <Predicate = true> <Delay = 0.61> <Core = "Sel">   --->   Core 26 'Sel' <Latency = 0> <II = 1> <Delay = 0.61> <FuncUnit> <Opcode : 'select'> <InPorts = 3> <OutPorts = 1>
ST_1 : Operation 51 [1/1] (0.00ns)   --->   "ret i32 %select_ln30_3" [network/network_top.cpp:47]   --->   Operation 51 'ret' <Predicate = true> <Delay = 0.00>


============================================================
+ Verbose Summary: Timing violations
============================================================
Target clock period: 100ns, clock uncertainty: 12.5ns.

 <State 1>: 3.11ns
The critical path consists of the following:
	wire read on port 'index' (network/network_top.cpp:28) [32]  (0 ns)
	'mux' operation ('tmp_5', network/network_top.cpp:39) [68]  (1.26 ns)
	'select' operation ('select_ln30_1', network/network_top.cpp:30) [76]  (0.613 ns)
	'select' operation ('select_ln30_2', network/network_top.cpp:30) [78]  (0.613 ns)
	'select' operation ('select_ln30_3', network/network_top.cpp:30) [80]  (0.616 ns)


============================================================
+ Verbose Summary: Binding
============================================================
N/A
* FSMD analyzer results:
  - Output states:
 - Input state : 
  - Chain level:
	State 1


============================================================
+ Verbose Summary: Datapath Resource usage 
============================================================
N/A
