

================================================================
== Vivado HLS Report for 'filter_c_engine'
================================================================
* Date:           Fri Jun  7 13:05:41 2019

* Version:        2018.2.2 (Build 2345119 on Mon Oct 01 18:48:11 MDT 2018)
* Project:        filter
* Solution:       solution1
* Product family: aartix7
* Target device:  xa7a12tcsg325-1q


================================================================
== Performance Estimates
================================================================
+ Timing (ns): 
    * Summary: 
    +--------+--------+----------+------------+
    |  Clock | Target | Estimated| Uncertainty|
    +--------+--------+----------+------------+
    |ap_clk  |  100.00|    16.441|       12.50|
    +--------+--------+----------+------------+

+ Latency (clock cycles): 
    * Summary: 
    +-----+-----+-----+-----+---------+
    |  Latency  |  Interval | Pipeline|
    | min | max | min | max |   Type  |
    +-----+-----+-----+-----+---------+
    |    8|    8|    8|    8|   none  |
    +-----+-----+-----+-----+---------+

    + Detail: 
        * Instance: 
        N/A

        * Loop: 
        N/A



================================================================
== Utilization Estimates
================================================================
* Summary: 
+-----------------+---------+-------+-------+------+
|       Name      | BRAM_18K| DSP48E|   FF  |  LUT |
+-----------------+---------+-------+-------+------+
|DSP              |        -|      -|      -|     -|
|Expression       |        -|      1|      0|   472|
|FIFO             |        -|      -|      -|     -|
|Instance         |        -|      -|      -|     -|
|Memory           |        -|      -|      -|     -|
|Multiplexer      |        -|      -|      -|   265|
|Register         |        -|      -|    180|     -|
+-----------------+---------+-------+-------+------+
|Total            |        0|      1|    180|   737|
+-----------------+---------+-------+-------+------+
|Available        |       40|     40|  16000|  8000|
+-----------------+---------+-------+-------+------+
|Utilization (%)  |        0|      2|      1|     9|
+-----------------+---------+-------+-------+------+

+ Detail: 
    * Instance: 
    N/A

    * DSP48: 
    N/A

    * Memory: 
    N/A

    * FIFO: 
    N/A

    * Expression: 
    +----------------------------------+----------+-------+---+----+------------+------------+
    |           Variable Name          | Operation| DSP48E| FF| LUT| Bitwidth P0| Bitwidth P1|
    +----------------------------------+----------+-------+---+----+------------+------------+
    |grp_fu_194_p2                     |     *    |      1|  0|  40|          24|          16|
    |grp_fu_164_p2                     |     +    |      0|  0|  49|          42|          42|
    |brmerge40_demorgan_i_1_fu_700_p2  |    and   |      0|  0|   8|           1|           1|
    |brmerge40_demorgan_i_fu_372_p2    |    and   |      0|  0|   8|           1|           1|
    |carry_1_fu_634_p2                 |    and   |      0|  0|   8|           1|           1|
    |carry_fu_358_p2                   |    and   |      0|  0|   8|           1|           1|
    |overflow_1_fu_660_p2              |    and   |      0|  0|   8|           1|           1|
    |overflow_fu_420_p2                |    and   |      0|  0|   8|           1|           1|
    |p_38_i1_fu_672_p2                 |    and   |      0|  0|   8|           1|           1|
    |p_38_i_fu_402_p2                  |    and   |      0|  0|   8|           1|           1|
    |p_41_i1_fu_694_p2                 |    and   |      0|  0|   8|           1|           1|
    |p_41_i_fu_292_p2                  |    and   |      0|  0|   8|           1|           1|
    |underflow_1_fu_718_p2             |    and   |      0|  0|   8|           1|           1|
    |underflow_fu_396_p2               |    and   |      0|  0|   8|           1|           1|
    |Range1_all_ones_1_fu_588_p2       |   icmp   |      0|  0|   9|           4|           2|
    |Range1_all_ones_fu_316_p2         |   icmp   |      0|  0|   9|           4|           2|
    |Range1_all_zeros_1_fu_610_p2      |   icmp   |      0|  0|   9|           4|           1|
    |Range1_all_zeros_fu_338_p2        |   icmp   |      0|  0|   9|           4|           1|
    |Range2_all_ones_1_fu_604_p2       |   icmp   |      0|  0|   9|           3|           2|
    |Range2_all_ones_fu_332_p2         |   icmp   |      0|  0|   9|           3|           2|
    |brmerge_i1_fu_706_p2              |    or    |      0|  0|   8|           1|           1|
    |brmerge_i_fu_408_p2               |    or    |      0|  0|   8|           1|           1|
    |brmerge_i_i1_fu_729_p2            |    or    |      0|  0|   8|           1|           1|
    |brmerge_i_i_fu_432_p2             |    or    |      0|  0|   8|           1|           1|
    |tmp1_demorgan_fu_384_p2           |    or    |      0|  0|   8|           1|           1|
    |tmp2_fu_426_p2                    |    or    |      0|  0|   8|           1|           1|
    |tmp5_demorgan_fu_683_p2           |    or    |      0|  0|   8|           1|           1|
    |tmp6_fu_723_p2                    |    or    |      0|  0|   8|           1|           1|
    |underflow_1_not_fu_735_p2         |    or    |      0|  0|   8|           1|           1|
    |underflow_not_fu_438_p2           |    or    |      0|  0|   8|           1|           1|
    |deleted_ones_1_fu_665_p3          |  select  |      0|  0|   2|           1|           1|
    |deleted_ones_fu_344_p3            |  select  |      0|  0|   2|           1|           1|
    |deleted_zeros_1_fu_648_p3         |  select  |      0|  0|   2|           1|           1|
    |deleted_zeros_fu_364_p3           |  select  |      0|  0|   2|           1|           1|
    |grp_fu_444_p3                     |  select  |      0|  0|  24|           1|          24|
    |grp_fu_452_p3                     |  select  |      0|  0|  25|           1|          25|
    |grp_fu_741_p3                     |  select  |      0|  0|  24|           1|          23|
    |grp_fu_286_p2                     |    xor   |      0|  0|   8|           1|           2|
    |p_not_i1_fu_677_p2                |    xor   |      0|  0|   8|           1|           2|
    |p_not_i_fu_352_p2                 |    xor   |      0|  0|   8|           1|           2|
    |tmp1_fu_414_p2                    |    xor   |      0|  0|   8|           1|           2|
    |tmp5_fu_712_p2                    |    xor   |      0|  0|   8|           1|           2|
    |tmp_10_fu_654_p2                  |    xor   |      0|  0|   8|           1|           2|
    |tmp_12_fu_628_p2                  |    xor   |      0|  0|   8|           1|           2|
    |tmp_4_fu_378_p2                   |    xor   |      0|  0|   8|           1|           2|
    |tmp_6_fu_390_p2                   |    xor   |      0|  0|   8|           1|           2|
    +----------------------------------+----------+-------+---+----+------------+------------+
    |Total                             |          |      1|  0| 472|         126|         184|
    +----------------------------------+----------+-------+---+----+------------+------------+

    * Multiplexer: 
    +---------------+----+-----------+-----+-----------+
    |      Name     | LUT| Input Size| Bits| Total Bits|
    +---------------+----+-----------+-----+-----------+
    |ap_NS_fsm      |  47|         10|    4|         40|
    |grp_fu_164_p0  |  38|          7|   42|        294|
    |grp_fu_164_p1  |  41|          8|   42|        336|
    |grp_fu_194_p0  |  38|          7|   24|        168|
    |grp_fu_194_p1  |  38|          7|   16|        112|
    |grp_fu_444_p0  |  15|          3|    1|          3|
    |grp_fu_452_p0  |  15|          3|    1|          3|
    |grp_fu_741_p0  |  15|          3|    1|          3|
    |reg_171        |   9|          2|   41|         82|
    |reg_191        |   9|          2|   41|         82|
    +---------------+----+-----------+-----+-----------+
    |Total          | 265|         52|  213|       1123|
    +---------------+----+-----------+-----+-----------+

    * Register: 
    +----------------------------+----+----+-----+-----------+
    |            Name            | FF | LUT| Bits| Const Bits|
    +----------------------------+----+----+-----+-----------+
    |Range1_all_ones_1_reg_829   |   1|   0|    1|          0|
    |Range1_all_zeros_1_reg_836  |   1|   0|    1|          0|
    |Range2_all_ones_1_reg_824   |   1|   0|    1|          0|
    |ap_CS_fsm                   |   4|   0|    4|          0|
    |p_Val2_10_reg_808           |  24|   0|   24|          0|
    |reg_171                     |  41|   0|   41|          0|
    |reg_178                     |  41|   0|   41|          0|
    |reg_191                     |  41|   0|   41|          0|
    |signbit_1_reg_818           |   1|   0|    1|          0|
    |tmp_17_reg_813              |   1|   0|    1|          0|
    |xn_0_scaled_V_reg_188       |  24|   0|   24|          0|
    +----------------------------+----+----+-----+-----------+
    |Total                       | 180|   0|  180|          0|
    +----------------------------+----+----+-----+-----------+



================================================================
== Interface
================================================================
* Summary: 
+-------------------+-----+-----+------------+-------------------+--------------+
|     RTL Ports     | Dir | Bits|  Protocol  |   Source Object   |    C Type    |
+-------------------+-----+-----+------------+-------------------+--------------+
|ap_clk             |  in |    1| ap_ctrl_hs |  filter_c_engine  | return value |
|ap_rst             |  in |    1| ap_ctrl_hs |  filter_c_engine  | return value |
|ap_start           |  in |    1| ap_ctrl_hs |  filter_c_engine  | return value |
|ap_done            | out |    1| ap_ctrl_hs |  filter_c_engine  | return value |
|ap_idle            | out |    1| ap_ctrl_hs |  filter_c_engine  | return value |
|ap_ready           | out |    1| ap_ctrl_hs |  filter_c_engine  | return value |
|ap_return_0        | out |   24| ap_ctrl_hs |  filter_c_engine  | return value |
|ap_return_1        | out |   24| ap_ctrl_hs |  filter_c_engine  | return value |
|ap_return_2        | out |   24| ap_ctrl_hs |  filter_c_engine  | return value |
|ap_return_3        | out |   24| ap_ctrl_hs |  filter_c_engine  | return value |
|ap_return_4        | out |   24| ap_ctrl_hs |  filter_c_engine  | return value |
|ap_ce              |  in |    1| ap_ctrl_hs |  filter_c_engine  | return value |
|xn_0_V             |  in |   24|   ap_none  |       xn_0_V      |    scalar    |
|coeff_gain_V_read  |  in |   16|   ap_none  | coeff_gain_V_read |    scalar    |
|coeff_b0_V_read    |  in |   16|   ap_none  |  coeff_b0_V_read  |    scalar    |
|coeff_b1_V_read    |  in |   16|   ap_none  |  coeff_b1_V_read  |    scalar    |
|coeff_b2_V_read    |  in |   16|   ap_none  |  coeff_b2_V_read  |    scalar    |
|coeff_a1_n_V_read  |  in |   16|   ap_none  | coeff_a1_n_V_read |    scalar    |
|coeff_a2_n_V_read  |  in |   16|   ap_none  | coeff_a2_n_V_read |    scalar    |
|buf_yn_1_V_read    |  in |   24|   ap_none  |  buf_yn_1_V_read  |    scalar    |
|buf_yn_2_V_read    |  in |   24|   ap_none  |  buf_yn_2_V_read  |    scalar    |
|buf_xn_1_V_read    |  in |   24|   ap_none  |  buf_xn_1_V_read  |    scalar    |
|buf_xn_2_V_read    |  in |   24|   ap_none  |  buf_xn_2_V_read  |    scalar    |
+-------------------+-----+-----+------------+-------------------+--------------+

